CRITICAL - 2022-11-20 19:25:54 --> Array to string conversion
in APPPATH\Views\Composer\Composer_index.php on line 24.
 1 APPPATH\Views\Composer\Composer_index.php(24): CodeIgniter\Debug\Exceptions->errorHandler(2, 'Array to string conversion', 'APPPATH\\Views\\Composer\\Composer_index.php', 24)
 2 SYSTEMPATH\View\View.php(213): include('APPPATH\\Views\\Composer\\Composer_index.php')
 3 SYSTEMPATH\View\View.php(216): CodeIgniter\View\View->CodeIgniter\View\{closure}()
 4 SYSTEMPATH\Common.php(1134): CodeIgniter\View\View->render('Composer/Composer_index.php', [], true)
 5 APPPATH\Controllers\Composer.php(16): view('Composer/Composer_index.php', [...])
 6 SYSTEMPATH\CodeIgniter.php(927): App\Controllers\Composer->index()
 7 SYSTEMPATH\CodeIgniter.php(482): CodeIgniter\CodeIgniter->runController(Object(App\Controllers\Composer))
 8 SYSTEMPATH\CodeIgniter.php(351): CodeIgniter\CodeIgniter->handleRequest(null, Object(Config\Cache), false)
 9 FCPATH\index.php(67): CodeIgniter\CodeIgniter->run()
10 SYSTEMPATH\Commands\Server\rewrite.php(46): require_once('FCPATH\\index.php')
CRITICAL - 2022-11-20 19:26:02 --> Array to string conversion
in APPPATH\Views\Composer\Composer_index.php on line 26.
 1 APPPATH\Views\Composer\Composer_index.php(26): CodeIgniter\Debug\Exceptions->errorHandler(2, 'Array to string conversion', 'APPPATH\\Views\\Composer\\Composer_index.php', 26)
 2 SYSTEMPATH\View\View.php(213): include('APPPATH\\Views\\Composer\\Composer_index.php')
 3 SYSTEMPATH\View\View.php(216): CodeIgniter\View\View->CodeIgniter\View\{closure}()
 4 SYSTEMPATH\Common.php(1134): CodeIgniter\View\View->render('Composer/Composer_index.php', [], true)
 5 APPPATH\Controllers\Composer.php(16): view('Composer/Composer_index.php', [...])
 6 SYSTEMPATH\CodeIgniter.php(927): App\Controllers\Composer->index()
 7 SYSTEMPATH\CodeIgniter.php(482): CodeIgniter\CodeIgniter->runController(Object(App\Controllers\Composer))
 8 SYSTEMPATH\CodeIgniter.php(351): CodeIgniter\CodeIgniter->handleRequest(null, Object(Config\Cache), false)
 9 FCPATH\index.php(67): CodeIgniter\CodeIgniter->run()
10 SYSTEMPATH\Commands\Server\rewrite.php(46): require_once('FCPATH\\index.php')
CRITICAL - 2022-11-20 21:37:29 --> array_push(): Argument #1 ($array) must be of type array, null given
in APPPATH\Controllers\Composer.php on line 14.
 1 APPPATH\Controllers\Composer.php(14): array_push(null, '1')
 2 SYSTEMPATH\CodeIgniter.php(927): App\Controllers\Composer->index()
 3 SYSTEMPATH\CodeIgniter.php(482): CodeIgniter\CodeIgniter->runController(Object(App\Controllers\Composer))
 4 SYSTEMPATH\CodeIgniter.php(351): CodeIgniter\CodeIgniter->handleRequest(null, Object(Config\Cache), false)
 5 FCPATH\index.php(67): CodeIgniter\CodeIgniter->run()
 6 SYSTEMPATH\Commands\Server\rewrite.php(46): require_once('FCPATH\\index.php')
CRITICAL - 2022-11-20 21:37:49 --> array_push(): Argument #1 ($array) must be of type array, null given
in APPPATH\Controllers\Composer.php on line 14.
 1 APPPATH\Controllers\Composer.php(14): array_push(null, '1')
 2 SYSTEMPATH\CodeIgniter.php(927): App\Controllers\Composer->index()
 3 SYSTEMPATH\CodeIgniter.php(482): CodeIgniter\CodeIgniter->runController(Object(App\Controllers\Composer))
 4 SYSTEMPATH\CodeIgniter.php(351): CodeIgniter\CodeIgniter->handleRequest(null, Object(Config\Cache), false)
 5 FCPATH\index.php(67): CodeIgniter\CodeIgniter->run()
 6 SYSTEMPATH\Commands\Server\rewrite.php(46): require_once('FCPATH\\index.php')
CRITICAL - 2022-11-20 21:49:07 --> Undefined array key -1
in APPPATH\Controllers\Composer.php on line 16.
 1 APPPATH\Controllers\Composer.php(16): CodeIgniter\Debug\Exceptions->errorHandler(2, 'Undefined array key -1', 'APPPATH\\Controllers\\Composer.php', 16)
 2 SYSTEMPATH\CodeIgniter.php(927): App\Controllers\Composer->index()
 3 SYSTEMPATH\CodeIgniter.php(482): CodeIgniter\CodeIgniter->runController(Object(App\Controllers\Composer))
 4 SYSTEMPATH\CodeIgniter.php(351): CodeIgniter\CodeIgniter->handleRequest(null, Object(Config\Cache), false)
 5 FCPATH\index.php(67): CodeIgniter\CodeIgniter->run()
 6 SYSTEMPATH\Commands\Server\rewrite.php(46): require_once('FCPATH\\index.php')
CRITICAL - 2022-11-20 21:50:26 --> Undefined array key -1
in APPPATH\Controllers\Composer.php on line 21.
 1 APPPATH\Controllers\Composer.php(21): CodeIgniter\Debug\Exceptions->errorHandler(2, 'Undefined array key -1', 'APPPATH\\Controllers\\Composer.php', 21)
 2 SYSTEMPATH\CodeIgniter.php(927): App\Controllers\Composer->index()
 3 SYSTEMPATH\CodeIgniter.php(482): CodeIgniter\CodeIgniter->runController(Object(App\Controllers\Composer))
 4 SYSTEMPATH\CodeIgniter.php(351): CodeIgniter\CodeIgniter->handleRequest(null, Object(Config\Cache), false)
 5 FCPATH\index.php(67): CodeIgniter\CodeIgniter->run()
 6 SYSTEMPATH\Commands\Server\rewrite.php(46): require_once('FCPATH\\index.php')
CRITICAL - 2022-11-20 21:50:43 --> Undefined array key -1
in APPPATH\Controllers\Composer.php on line 21.
 1 APPPATH\Controllers\Composer.php(21): CodeIgniter\Debug\Exceptions->errorHandler(2, 'Undefined array key -1', 'APPPATH\\Controllers\\Composer.php', 21)
 2 SYSTEMPATH\CodeIgniter.php(927): App\Controllers\Composer->index()
 3 SYSTEMPATH\CodeIgniter.php(482): CodeIgniter\CodeIgniter->runController(Object(App\Controllers\Composer))
 4 SYSTEMPATH\CodeIgniter.php(351): CodeIgniter\CodeIgniter->handleRequest(null, Object(Config\Cache), false)
 5 FCPATH\index.php(67): CodeIgniter\CodeIgniter->run()
 6 SYSTEMPATH\Commands\Server\rewrite.php(46): require_once('FCPATH\\index.php')
CRITICAL - 2022-11-20 21:51:29 --> Undefined array key -1
in APPPATH\Controllers\Composer.php on line 21.
 1 APPPATH\Controllers\Composer.php(21): CodeIgniter\Debug\Exceptions->errorHandler(2, 'Undefined array key -1', 'APPPATH\\Controllers\\Composer.php', 21)
 2 SYSTEMPATH\CodeIgniter.php(927): App\Controllers\Composer->index()
 3 SYSTEMPATH\CodeIgniter.php(482): CodeIgniter\CodeIgniter->runController(Object(App\Controllers\Composer))
 4 SYSTEMPATH\CodeIgniter.php(351): CodeIgniter\CodeIgniter->handleRequest(null, Object(Config\Cache), false)
 5 FCPATH\index.php(67): CodeIgniter\CodeIgniter->run()
 6 SYSTEMPATH\Commands\Server\rewrite.php(46): require_once('FCPATH\\index.php')
CRITICAL - 2022-11-20 21:51:57 --> Array to string conversion
in APPPATH\Controllers\Composer.php on line 21.
 1 APPPATH\Controllers\Composer.php(21): CodeIgniter\Debug\Exceptions->errorHandler(2, 'Array to string conversion', 'APPPATH\\Controllers\\Composer.php', 21)
 2 SYSTEMPATH\CodeIgniter.php(927): App\Controllers\Composer->index()
 3 SYSTEMPATH\CodeIgniter.php(482): CodeIgniter\CodeIgniter->runController(Object(App\Controllers\Composer))
 4 SYSTEMPATH\CodeIgniter.php(351): CodeIgniter\CodeIgniter->handleRequest(null, Object(Config\Cache), false)
 5 FCPATH\index.php(67): CodeIgniter\CodeIgniter->run()
 6 SYSTEMPATH\Commands\Server\rewrite.php(46): require_once('FCPATH\\index.php')
CRITICAL - 2022-11-20 21:52:25 --> Undefined variable $Last_Id_Composer
in APPPATH\Controllers\Composer.php on line 29.
 1 APPPATH\Controllers\Composer.php(29): CodeIgniter\Debug\Exceptions->errorHandler(2, 'Undefined variable $Last_Id_Composer', 'APPPATH\\Controllers\\Composer.php', 29)
 2 SYSTEMPATH\CodeIgniter.php(927): App\Controllers\Composer->index()
 3 SYSTEMPATH\CodeIgniter.php(482): CodeIgniter\CodeIgniter->runController(Object(App\Controllers\Composer))
 4 SYSTEMPATH\CodeIgniter.php(351): CodeIgniter\CodeIgniter->handleRequest(null, Object(Config\Cache), false)
 5 FCPATH\index.php(67): CodeIgniter\CodeIgniter->run()
 6 SYSTEMPATH\Commands\Server\rewrite.php(46): require_once('FCPATH\\index.php')
CRITICAL - 2022-11-20 21:55:07 --> syntax error, unexpected variable "$Data", expecting "function" or "const"
in APPPATH\Controllers\Composer.php on line 24.
 1 SYSTEMPATH\Autoloader\Autoloader.php(259): CodeIgniter\Autoloader\Autoloader->includeFile('APPPATH\\Controllers\\Composer.php')
 2 SYSTEMPATH\Autoloader\Autoloader.php(237): CodeIgniter\Autoloader\Autoloader->loadInNamespace('App\\Controllers\\Composer')
 3 [internal function]: CodeIgniter\Autoloader\Autoloader->loadClass('App\\Controllers\\Composer')
 4 SYSTEMPATH\CodeIgniter.php(877): class_exists('\\App\\Controllers\\Composer', true)
 5 SYSTEMPATH\CodeIgniter.php(469): CodeIgniter\CodeIgniter->startController()
 6 SYSTEMPATH\CodeIgniter.php(351): CodeIgniter\CodeIgniter->handleRequest(null, Object(Config\Cache), false)
 7 FCPATH\index.php(67): CodeIgniter\CodeIgniter->run()
 8 SYSTEMPATH\Commands\Server\rewrite.php(46): require_once('FCPATH\\index.php')
CRITICAL - 2022-11-20 21:55:39 --> Undefined array key -1
in APPPATH\Controllers\Composer.php on line 23.
 1 APPPATH\Controllers\Composer.php(23): CodeIgniter\Debug\Exceptions->errorHandler(2, 'Undefined array key -1', 'APPPATH\\Controllers\\Composer.php', 23)
 2 SYSTEMPATH\CodeIgniter.php(927): App\Controllers\Composer->index()
 3 SYSTEMPATH\CodeIgniter.php(482): CodeIgniter\CodeIgniter->runController(Object(App\Controllers\Composer))
 4 SYSTEMPATH\CodeIgniter.php(351): CodeIgniter\CodeIgniter->handleRequest(null, Object(Config\Cache), false)
 5 FCPATH\index.php(67): CodeIgniter\CodeIgniter->run()
 6 SYSTEMPATH\Commands\Server\rewrite.php(46): require_once('FCPATH\\index.php')
CRITICAL - 2022-11-20 22:03:09 --> Unsupported operand types: string + int
in APPPATH\Controllers\Composer.php on line 20.
 1 SYSTEMPATH\CodeIgniter.php(927): App\Controllers\Composer->index()
 2 SYSTEMPATH\CodeIgniter.php(482): CodeIgniter\CodeIgniter->runController(Object(App\Controllers\Composer))
 3 SYSTEMPATH\CodeIgniter.php(351): CodeIgniter\CodeIgniter->handleRequest(null, Object(Config\Cache), false)
 4 FCPATH\index.php(67): CodeIgniter\CodeIgniter->run()
 5 SYSTEMPATH\Commands\Server\rewrite.php(46): require_once('FCPATH\\index.php')
CRITICAL - 2022-11-20 22:05:27 --> count(): Argument #1 ($value) must be of type Countable|array, string given
in APPPATH\Controllers\Composer.php on line 15.
 1 APPPATH\Controllers\Composer.php(15): count('KCP-CPS-1')
 2 SYSTEMPATH\CodeIgniter.php(927): App\Controllers\Composer->index()
 3 SYSTEMPATH\CodeIgniter.php(482): CodeIgniter\CodeIgniter->runController(Object(App\Controllers\Composer))
 4 SYSTEMPATH\CodeIgniter.php(351): CodeIgniter\CodeIgniter->handleRequest(null, Object(Config\Cache), false)
 5 FCPATH\index.php(67): CodeIgniter\CodeIgniter->run()
 6 SYSTEMPATH\Commands\Server\rewrite.php(46): require_once('FCPATH\\index.php')
CRITICAL - 2022-11-20 22:05:30 --> count(): Argument #1 ($value) must be of type Countable|array, string given
in APPPATH\Controllers\Composer.php on line 15.
 1 APPPATH\Controllers\Composer.php(15): count('KCP-CPS-1')
 2 SYSTEMPATH\CodeIgniter.php(927): App\Controllers\Composer->index()
 3 SYSTEMPATH\CodeIgniter.php(482): CodeIgniter\CodeIgniter->runController(Object(App\Controllers\Composer))
 4 SYSTEMPATH\CodeIgniter.php(351): CodeIgniter\CodeIgniter->handleRequest(null, Object(Config\Cache), false)
 5 FCPATH\index.php(67): CodeIgniter\CodeIgniter->run()
 6 SYSTEMPATH\Commands\Server\rewrite.php(46): require_once('FCPATH\\index.php')
CRITICAL - 2022-11-20 22:05:47 --> count(): Argument #1 ($value) must be of type Countable|array, int given
in APPPATH\Controllers\Composer.php on line 17.
 1 APPPATH\Controllers\Composer.php(17): count(2)
 2 SYSTEMPATH\CodeIgniter.php(927): App\Controllers\Composer->index()
 3 SYSTEMPATH\CodeIgniter.php(482): CodeIgniter\CodeIgniter->runController(Object(App\Controllers\Composer))
 4 SYSTEMPATH\CodeIgniter.php(351): CodeIgniter\CodeIgniter->handleRequest(null, Object(Config\Cache), false)
 5 FCPATH\index.php(67): CodeIgniter\CodeIgniter->run()
 6 SYSTEMPATH\Commands\Server\rewrite.php(46): require_once('FCPATH\\index.php')
CRITICAL - 2022-11-20 22:19:12 --> Call to undefined function form_open_multipart()
in APPPATH\Views\Composer\Composer_index.php on line 7.
 1 SYSTEMPATH\View\View.php(213): include()
 2 SYSTEMPATH\View\View.php(216): CodeIgniter\View\View->CodeIgniter\View\{closure}()
 3 SYSTEMPATH\Common.php(1134): CodeIgniter\View\View->render('Composer/Composer_index.php', [], true)
 4 APPPATH\Controllers\Composer.php(27): view('Composer/Composer_index.php', [...])
 5 SYSTEMPATH\CodeIgniter.php(927): App\Controllers\Composer->index()
 6 SYSTEMPATH\CodeIgniter.php(482): CodeIgniter\CodeIgniter->runController(Object(App\Controllers\Composer))
 7 SYSTEMPATH\CodeIgniter.php(351): CodeIgniter\CodeIgniter->handleRequest(null, Object(Config\Cache), false)
 8 FCPATH\index.php(67): CodeIgniter\CodeIgniter->run()
 9 SYSTEMPATH\Commands\Server\rewrite.php(46): require_once('FCPATH\\index.php')
CRITICAL - 2022-11-20 22:19:35 --> Call to undefined function form_open_multipart()
in APPPATH\Views\Composer\Composer_index.php on line 7.
 1 SYSTEMPATH\View\View.php(213): include()
 2 SYSTEMPATH\View\View.php(216): CodeIgniter\View\View->CodeIgniter\View\{closure}()
 3 SYSTEMPATH\Common.php(1134): CodeIgniter\View\View->render('Composer/Composer_index.php', [], true)
 4 APPPATH\Controllers\Composer.php(27): view('Composer/Composer_index.php', [...])
 5 SYSTEMPATH\CodeIgniter.php(927): App\Controllers\Composer->index()
 6 SYSTEMPATH\CodeIgniter.php(482): CodeIgniter\CodeIgniter->runController(Object(App\Controllers\Composer))
 7 SYSTEMPATH\CodeIgniter.php(351): CodeIgniter\CodeIgniter->handleRequest(null, Object(Config\Cache), false)
 8 FCPATH\index.php(67): CodeIgniter\CodeIgniter->run()
 9 SYSTEMPATH\Commands\Server\rewrite.php(46): require_once('FCPATH\\index.php')
CRITICAL - 2022-11-20 22:27:05 --> Array to string conversion
in APPPATH\Controllers\Composer.php on line 36.
 1 APPPATH\Controllers\Composer.php(36): CodeIgniter\Debug\Exceptions->errorHandler(2, 'Array to string conversion', 'APPPATH\\Controllers\\Composer.php', 36)
 2 SYSTEMPATH\CodeIgniter.php(927): App\Controllers\Composer->Create_data_composer()
 3 SYSTEMPATH\CodeIgniter.php(482): CodeIgniter\CodeIgniter->runController(Object(App\Controllers\Composer))
 4 SYSTEMPATH\CodeIgniter.php(351): CodeIgniter\CodeIgniter->handleRequest(null, Object(Config\Cache), false)
 5 FCPATH\index.php(67): CodeIgniter\CodeIgniter->run()
 6 SYSTEMPATH\Commands\Server\rewrite.php(46): require_once('FCPATH\\index.php')
CRITICAL - 2022-11-20 22:30:23 --> syntax error, unexpected token "}", expecting "," or ";"
in APPPATH\Controllers\Composer.php on line 41.
 1 SYSTEMPATH\Autoloader\Autoloader.php(259): CodeIgniter\Autoloader\Autoloader->includeFile('APPPATH\\Controllers\\Composer.php')
 2 SYSTEMPATH\Autoloader\Autoloader.php(237): CodeIgniter\Autoloader\Autoloader->loadInNamespace('App\\Controllers\\Composer')
 3 [internal function]: CodeIgniter\Autoloader\Autoloader->loadClass('App\\Controllers\\Composer')
 4 SYSTEMPATH\CodeIgniter.php(877): class_exists('\\App\\Controllers\\Composer', true)
 5 SYSTEMPATH\CodeIgniter.php(469): CodeIgniter\CodeIgniter->startController()
 6 SYSTEMPATH\CodeIgniter.php(351): CodeIgniter\CodeIgniter->handleRequest(null, Object(Config\Cache), false)
 7 FCPATH\index.php(67): CodeIgniter\CodeIgniter->run()
 8 SYSTEMPATH\Commands\Server\rewrite.php(46): require_once('FCPATH\\index.php')
CRITICAL - 2022-11-20 22:32:03 --> Array to string conversion
in APPPATH\Controllers\Composer.php on line 38.
 1 APPPATH\Controllers\Composer.php(38): CodeIgniter\Debug\Exceptions->errorHandler(2, 'Array to string conversion', 'APPPATH\\Controllers\\Composer.php', 38)
 2 SYSTEMPATH\CodeIgniter.php(927): App\Controllers\Composer->Create_data_composer()
 3 SYSTEMPATH\CodeIgniter.php(482): CodeIgniter\CodeIgniter->runController(Object(App\Controllers\Composer))
 4 SYSTEMPATH\CodeIgniter.php(351): CodeIgniter\CodeIgniter->handleRequest(null, Object(Config\Cache), false)
 5 FCPATH\index.php(67): CodeIgniter\CodeIgniter->run()
 6 SYSTEMPATH\Commands\Server\rewrite.php(46): require_once('FCPATH\\index.php')
CRITICAL - 2022-11-20 22:32:31 --> Array to string conversion
in APPPATH\Controllers\Composer.php on line 38.
 1 APPPATH\Controllers\Composer.php(38): CodeIgniter\Debug\Exceptions->errorHandler(2, 'Array to string conversion', 'APPPATH\\Controllers\\Composer.php', 38)
 2 SYSTEMPATH\CodeIgniter.php(927): App\Controllers\Composer->Create_data_composer()
 3 SYSTEMPATH\CodeIgniter.php(482): CodeIgniter\CodeIgniter->runController(Object(App\Controllers\Composer))
 4 SYSTEMPATH\CodeIgniter.php(351): CodeIgniter\CodeIgniter->handleRequest(null, Object(Config\Cache), false)
 5 FCPATH\index.php(67): CodeIgniter\CodeIgniter->run()
 6 SYSTEMPATH\Commands\Server\rewrite.php(46): require_once('FCPATH\\index.php')
CRITICAL - 2022-11-20 22:32:51 --> Array to string conversion
in APPPATH\Controllers\Composer.php on line 38.
 1 APPPATH\Controllers\Composer.php(38): CodeIgniter\Debug\Exceptions->errorHandler(2, 'Array to string conversion', 'APPPATH\\Controllers\\Composer.php', 38)
 2 SYSTEMPATH\CodeIgniter.php(927): App\Controllers\Composer->Create_data_composer()
 3 SYSTEMPATH\CodeIgniter.php(482): CodeIgniter\CodeIgniter->runController(Object(App\Controllers\Composer))
 4 SYSTEMPATH\CodeIgniter.php(351): CodeIgniter\CodeIgniter->handleRequest(null, Object(Config\Cache), false)
 5 FCPATH\index.php(67): CodeIgniter\CodeIgniter->run()
 6 SYSTEMPATH\Commands\Server\rewrite.php(46): require_once('FCPATH\\index.php')
CRITICAL - 2022-11-20 22:33:09 --> syntax error, unexpected token ";", expecting "]"
in APPPATH\Controllers\Composer.php on line 33.
 1 SYSTEMPATH\Autoloader\Autoloader.php(259): CodeIgniter\Autoloader\Autoloader->includeFile('APPPATH\\Controllers\\Composer.php')
 2 SYSTEMPATH\Autoloader\Autoloader.php(237): CodeIgniter\Autoloader\Autoloader->loadInNamespace('App\\Controllers\\Composer')
 3 [internal function]: CodeIgniter\Autoloader\Autoloader->loadClass('App\\Controllers\\Composer')
 4 SYSTEMPATH\CodeIgniter.php(877): class_exists('\\App\\Controllers\\Composer', true)
 5 SYSTEMPATH\CodeIgniter.php(469): CodeIgniter\CodeIgniter->startController()
 6 SYSTEMPATH\CodeIgniter.php(351): CodeIgniter\CodeIgniter->handleRequest(null, Object(Config\Cache), false)
 7 FCPATH\index.php(67): CodeIgniter\CodeIgniter->run()
 8 SYSTEMPATH\Commands\Server\rewrite.php(46): require_once('FCPATH\\index.php')
CRITICAL - 2022-11-20 22:47:57 --> Undefined variable $Url
in APPPATH\Views\Tamplate.php on line 12.
 1 APPPATH\Views\Tamplate.php(12): CodeIgniter\Debug\Exceptions->errorHandler(2, 'Undefined variable $Url', 'APPPATH\\Views\\Tamplate.php', 12)
 2 SYSTEMPATH\View\View.php(213): include('APPPATH\\Views\\Tamplate.php')
 3 SYSTEMPATH\View\View.php(216): CodeIgniter\View\View->CodeIgniter\View\{closure}()
 4 SYSTEMPATH\Common.php(1134): CodeIgniter\View\View->render('tamplate.php', [], true)
 5 APPPATH\Controllers\Home.php(9): view('tamplate.php')
 6 SYSTEMPATH\CodeIgniter.php(927): App\Controllers\Home->index()
 7 SYSTEMPATH\CodeIgniter.php(482): CodeIgniter\CodeIgniter->runController(Object(App\Controllers\Home))
 8 SYSTEMPATH\CodeIgniter.php(351): CodeIgniter\CodeIgniter->handleRequest(null, Object(Config\Cache), false)
 9 FCPATH\index.php(67): CodeIgniter\CodeIgniter->run()
10 SYSTEMPATH\Commands\Server\rewrite.php(46): require_once('FCPATH\\index.php')
