CRITICAL - 2022-11-30 22:37:35 --> Undefined variable $Data
in APPPATH\Views\Composer\Composer_detail.php on line 17.
 1 APPPATH\Views\Composer\Composer_detail.php(17): CodeIgniter\Debug\Exceptions->errorHandler(2, 'Undefined variable $Data', 'APPPATH\\Views\\Composer\\Composer_detail.php', 17)
 2 SYSTEMPATH\View\View.php(213): include('APPPATH\\Views\\Composer\\Composer_detail.php')
 3 SYSTEMPATH\View\View.php(216): CodeIgniter\View\View->CodeIgniter\View\{closure}()
 4 SYSTEMPATH\Common.php(1134): CodeIgniter\View\View->render('Composer/Composer_detail.php', [], true)
 5 APPPATH\Controllers\Composer.php(230): view('Composer/Composer_detail.php', [...])
 6 SYSTEMPATH\CodeIgniter.php(927): App\Controllers\Composer->Detail_data_composer('KCP-CPS-4')
 7 SYSTEMPATH\CodeIgniter.php(482): CodeIgniter\CodeIgniter->runController(Object(App\Controllers\Composer))
 8 SYSTEMPATH\CodeIgniter.php(351): CodeIgniter\CodeIgniter->handleRequest(null, Object(Config\Cache), false)
 9 FCPATH\index.php(67): CodeIgniter\CodeIgniter->run()
10 SYSTEMPATH\Commands\Server\rewrite.php(46): require_once('FCPATH\\index.php')
CRITICAL - 2022-11-30 22:39:00 --> Call to a member function getName() on null
in APPPATH\Controllers\Composer.php on line 241.
 1 SYSTEMPATH\CodeIgniter.php(927): App\Controllers\Composer->Update_data_composer('KCP-CPS-4')
 2 SYSTEMPATH\CodeIgniter.php(482): CodeIgniter\CodeIgniter->runController(Object(App\Controllers\Composer))
 3 SYSTEMPATH\CodeIgniter.php(351): CodeIgniter\CodeIgniter->handleRequest(null, Object(Config\Cache), false)
 4 FCPATH\index.php(67): CodeIgniter\CodeIgniter->run()
 5 SYSTEMPATH\Commands\Server\rewrite.php(46): require_once('FCPATH\\index.php')
CRITICAL - 2022-11-30 22:39:39 --> Call to a member function getName() on null
in APPPATH\Controllers\Composer.php on line 241.
 1 SYSTEMPATH\CodeIgniter.php(927): App\Controllers\Composer->Update_data_composer('KCP-CPS-4')
 2 SYSTEMPATH\CodeIgniter.php(482): CodeIgniter\CodeIgniter->runController(Object(App\Controllers\Composer))
 3 SYSTEMPATH\CodeIgniter.php(351): CodeIgniter\CodeIgniter->handleRequest(null, Object(Config\Cache), false)
 4 FCPATH\index.php(67): CodeIgniter\CodeIgniter->run()
 5 SYSTEMPATH\Commands\Server\rewrite.php(46): require_once('FCPATH\\index.php')
CRITICAL - 2022-11-30 22:47:46 --> Call to a member function getName() on null
in APPPATH\Controllers\Composer.php on line 241.
 1 SYSTEMPATH\CodeIgniter.php(927): App\Controllers\Composer->Update_data_composer('KCP-CPS-4')
 2 SYSTEMPATH\CodeIgniter.php(482): CodeIgniter\CodeIgniter->runController(Object(App\Controllers\Composer))
 3 SYSTEMPATH\CodeIgniter.php(351): CodeIgniter\CodeIgniter->handleRequest(null, Object(Config\Cache), false)
 4 FCPATH\index.php(67): CodeIgniter\CodeIgniter->run()
 5 SYSTEMPATH\Commands\Server\rewrite.php(46): require_once('FCPATH\\index.php')
CRITICAL - 2022-11-30 23:39:04 --> Cannot access offset of type string on string
in APPPATH\Views\Composer\Composer_detail.php on line 112.
 1 SYSTEMPATH\View\View.php(213): include()
 2 SYSTEMPATH\View\View.php(216): CodeIgniter\View\View->CodeIgniter\View\{closure}()
 3 SYSTEMPATH\Common.php(1134): CodeIgniter\View\View->render('Composer/Composer_detail.php', [], true)
 4 APPPATH\Controllers\Composer.php(230): view('Composer/Composer_detail.php', [...])
 5 SYSTEMPATH\CodeIgniter.php(927): App\Controllers\Composer->Detail_data_composer('KCP-CPS-4')
 6 SYSTEMPATH\CodeIgniter.php(482): CodeIgniter\CodeIgniter->runController(Object(App\Controllers\Composer))
 7 SYSTEMPATH\CodeIgniter.php(351): CodeIgniter\CodeIgniter->handleRequest(null, Object(Config\Cache), false)
 8 FCPATH\index.php(67): CodeIgniter\CodeIgniter->run()
 9 SYSTEMPATH\Commands\Server\rewrite.php(46): require_once('FCPATH\\index.php')
CRITICAL - 2022-11-30 23:39:18 --> Cannot access offset of type string on string
in APPPATH\Views\Composer\Composer_detail.php on line 112.
 1 SYSTEMPATH\View\View.php(213): include()
 2 SYSTEMPATH\View\View.php(216): CodeIgniter\View\View->CodeIgniter\View\{closure}()
 3 SYSTEMPATH\Common.php(1134): CodeIgniter\View\View->render('Composer/Composer_detail.php', [], true)
 4 APPPATH\Controllers\Composer.php(230): view('Composer/Composer_detail.php', [...])
 5 SYSTEMPATH\CodeIgniter.php(927): App\Controllers\Composer->Detail_data_composer('KCP-CPS-4')
 6 SYSTEMPATH\CodeIgniter.php(482): CodeIgniter\CodeIgniter->runController(Object(App\Controllers\Composer))
 7 SYSTEMPATH\CodeIgniter.php(351): CodeIgniter\CodeIgniter->handleRequest(null, Object(Config\Cache), false)
 8 FCPATH\index.php(67): CodeIgniter\CodeIgniter->run()
 9 SYSTEMPATH\Commands\Server\rewrite.php(46): require_once('FCPATH\\index.php')
CRITICAL - 2022-11-30 23:40:04 --> Cannot access offset of type string on string
in APPPATH\Views\Composer\Composer_detail.php on line 112.
 1 SYSTEMPATH\View\View.php(213): include()
 2 SYSTEMPATH\View\View.php(216): CodeIgniter\View\View->CodeIgniter\View\{closure}()
 3 SYSTEMPATH\Common.php(1134): CodeIgniter\View\View->render('Composer/Composer_detail.php', [], true)
 4 APPPATH\Controllers\Composer.php(230): view('Composer/Composer_detail.php', [...])
 5 SYSTEMPATH\CodeIgniter.php(927): App\Controllers\Composer->Detail_data_composer('KCP-CPS-4')
 6 SYSTEMPATH\CodeIgniter.php(482): CodeIgniter\CodeIgniter->runController(Object(App\Controllers\Composer))
 7 SYSTEMPATH\CodeIgniter.php(351): CodeIgniter\CodeIgniter->handleRequest(null, Object(Config\Cache), false)
 8 FCPATH\index.php(67): CodeIgniter\CodeIgniter->run()
 9 SYSTEMPATH\Commands\Server\rewrite.php(46): require_once('FCPATH\\index.php')
