CRITICAL - 2022-12-01 00:11:28 --> Cannot access offset of type string on string
in APPPATH\Views\Composer\Composer_detail.php on line 139.
 1 SYSTEMPATH\View\View.php(213): include()
 2 SYSTEMPATH\View\View.php(216): CodeIgniter\View\View->CodeIgniter\View\{closure}()
 3 SYSTEMPATH\Common.php(1134): CodeIgniter\View\View->render('Composer/Composer_detail.php', [], true)
 4 APPPATH\Controllers\Composer.php(230): view('Composer/Composer_detail.php', [...])
 5 SYSTEMPATH\CodeIgniter.php(927): App\Controllers\Composer->Detail_data_composer('KCP-CPS-4')
 6 SYSTEMPATH\CodeIgniter.php(482): CodeIgniter\CodeIgniter->runController(Object(App\Controllers\Composer))
 7 SYSTEMPATH\CodeIgniter.php(351): CodeIgniter\CodeIgniter->handleRequest(null, Object(Config\Cache), false)
 8 FCPATH\index.php(67): CodeIgniter\CodeIgniter->run()
 9 SYSTEMPATH\Commands\Server\rewrite.php(46): require_once('FCPATH\\index.php')
CRITICAL - 2022-12-01 00:26:37 --> Undefined variable $no
in APPPATH\Views\Composer\Composer_detail.php on line 164.
 1 APPPATH\Views\Composer\Composer_detail.php(164): CodeIgniter\Debug\Exceptions->errorHandler(2, 'Undefined variable $no', 'APPPATH\\Views\\Composer\\Composer_detail.php', 164)
 2 SYSTEMPATH\View\View.php(213): include('APPPATH\\Views\\Composer\\Composer_detail.php')
 3 SYSTEMPATH\View\View.php(216): CodeIgniter\View\View->CodeIgniter\View\{closure}()
 4 SYSTEMPATH\Common.php(1134): CodeIgniter\View\View->render('Composer/Composer_detail.php', [], true)
 5 APPPATH\Controllers\Composer.php(230): view('Composer/Composer_detail.php', [...])
 6 SYSTEMPATH\CodeIgniter.php(927): App\Controllers\Composer->Detail_data_composer('KCP-CPS-4')
 7 SYSTEMPATH\CodeIgniter.php(482): CodeIgniter\CodeIgniter->runController(Object(App\Controllers\Composer))
 8 SYSTEMPATH\CodeIgniter.php(351): CodeIgniter\CodeIgniter->handleRequest(null, Object(Config\Cache), false)
 9 FCPATH\index.php(67): CodeIgniter\CodeIgniter->run()
10 SYSTEMPATH\Commands\Server\rewrite.php(46): require_once('FCPATH\\index.php')
CRITICAL - 2022-12-01 01:00:52 --> Undefined variable $Composer_original_name
in APPPATH\Views\Composer\Composer_detail.php on line 46.
 1 APPPATH\Views\Composer\Composer_detail.php(46): CodeIgniter\Debug\Exceptions->errorHandler(2, 'Undefined variable $Composer_original_name', 'APPPATH\\Views\\Composer\\Composer_detail.php', 46)
 2 SYSTEMPATH\View\View.php(213): include('APPPATH\\Views\\Composer\\Composer_detail.php')
 3 SYSTEMPATH\View\View.php(216): CodeIgniter\View\View->CodeIgniter\View\{closure}()
 4 SYSTEMPATH\Common.php(1134): CodeIgniter\View\View->render('Composer/Composer_detail.php', [], true)
 5 APPPATH\Controllers\Composer.php(235): view('Composer/Composer_detail.php', [...])
 6 SYSTEMPATH\CodeIgniter.php(927): App\Controllers\Composer->Detail_data_composer('KCP-CPS-6')
 7 SYSTEMPATH\CodeIgniter.php(482): CodeIgniter\CodeIgniter->runController(Object(App\Controllers\Composer))
 8 SYSTEMPATH\CodeIgniter.php(351): CodeIgniter\CodeIgniter->handleRequest(null, Object(Config\Cache), false)
 9 FCPATH\index.php(67): CodeIgniter\CodeIgniter->run()
10 SYSTEMPATH\Commands\Server\rewrite.php(46): require_once('FCPATH\\index.php')
CRITICAL - 2022-12-01 05:33:22 --> Undefined variable $Data
in APPPATH\Views\Composer\Composer_detail.php on line 44.
 1 APPPATH\Views\Composer\Composer_detail.php(44): CodeIgniter\Debug\Exceptions->errorHandler(2, 'Undefined variable $Data', 'APPPATH\\Views\\Composer\\Composer_detail.php', 44)
 2 SYSTEMPATH\View\View.php(213): include('APPPATH\\Views\\Composer\\Composer_detail.php')
 3 SYSTEMPATH\View\View.php(216): CodeIgniter\View\View->CodeIgniter\View\{closure}()
 4 SYSTEMPATH\Common.php(1134): CodeIgniter\View\View->render('Composer/Composer_detail.php', [], true)
 5 APPPATH\Controllers\Composer.php(235): view('Composer/Composer_detail.php', [...])
 6 SYSTEMPATH\CodeIgniter.php(927): App\Controllers\Composer->Detail_data_composer('M')
 7 SYSTEMPATH\CodeIgniter.php(482): CodeIgniter\CodeIgniter->runController(Object(App\Controllers\Composer))
 8 SYSTEMPATH\CodeIgniter.php(351): CodeIgniter\CodeIgniter->handleRequest(null, Object(Config\Cache), false)
 9 FCPATH\index.php(67): CodeIgniter\CodeIgniter->run()
10 SYSTEMPATH\Commands\Server\rewrite.php(46): require_once('FCPATH\\index.php')
CRITICAL - 2022-12-01 05:34:09 --> Undefined array key 0
in APPPATH\Views\Composer\Composer_detail.php on line 48.
 1 APPPATH\Views\Composer\Composer_detail.php(48): CodeIgniter\Debug\Exceptions->errorHandler(2, 'Undefined array key 0', 'APPPATH\\Views\\Composer\\Composer_detail.php', 48)
 2 SYSTEMPATH\View\View.php(213): include('APPPATH\\Views\\Composer\\Composer_detail.php')
 3 SYSTEMPATH\View\View.php(216): CodeIgniter\View\View->CodeIgniter\View\{closure}()
 4 SYSTEMPATH\Common.php(1134): CodeIgniter\View\View->render('Composer/Composer_detail.php', [], true)
 5 APPPATH\Controllers\Composer.php(235): view('Composer/Composer_detail.php', [...])
 6 SYSTEMPATH\CodeIgniter.php(927): App\Controllers\Composer->Detail_data_composer('M')
 7 SYSTEMPATH\CodeIgniter.php(482): CodeIgniter\CodeIgniter->runController(Object(App\Controllers\Composer))
 8 SYSTEMPATH\CodeIgniter.php(351): CodeIgniter\CodeIgniter->handleRequest(null, Object(Config\Cache), false)
 9 FCPATH\index.php(67): CodeIgniter\CodeIgniter->run()
10 SYSTEMPATH\Commands\Server\rewrite.php(46): require_once('FCPATH\\index.php')
CRITICAL - 2022-12-01 05:37:07 --> Undefined array key 0
in APPPATH\Views\Composer\Composer_detail.php on line 47.
 1 APPPATH\Views\Composer\Composer_detail.php(47): CodeIgniter\Debug\Exceptions->errorHandler(2, 'Undefined array key 0', 'APPPATH\\Views\\Composer\\Composer_detail.php', 47)
 2 SYSTEMPATH\View\View.php(213): include('APPPATH\\Views\\Composer\\Composer_detail.php')
 3 SYSTEMPATH\View\View.php(216): CodeIgniter\View\View->CodeIgniter\View\{closure}()
 4 SYSTEMPATH\Common.php(1134): CodeIgniter\View\View->render('Composer/Composer_detail.php', [], true)
 5 APPPATH\Controllers\Composer.php(235): view('Composer/Composer_detail.php', [...])
 6 SYSTEMPATH\CodeIgniter.php(927): App\Controllers\Composer->Detail_data_composer('M')
 7 SYSTEMPATH\CodeIgniter.php(482): CodeIgniter\CodeIgniter->runController(Object(App\Controllers\Composer))
 8 SYSTEMPATH\CodeIgniter.php(351): CodeIgniter\CodeIgniter->handleRequest(null, Object(Config\Cache), false)
 9 FCPATH\index.php(67): CodeIgniter\CodeIgniter->run()
10 SYSTEMPATH\Commands\Server\rewrite.php(46): require_once('FCPATH\\index.php')
CRITICAL - 2022-12-01 05:38:29 --> Undefined array key 0
in APPPATH\Views\Composer\Composer_detail.php on line 47.
 1 APPPATH\Views\Composer\Composer_detail.php(47): CodeIgniter\Debug\Exceptions->errorHandler(2, 'Undefined array key 0', 'APPPATH\\Views\\Composer\\Composer_detail.php', 47)
 2 SYSTEMPATH\View\View.php(213): include('APPPATH\\Views\\Composer\\Composer_detail.php')
 3 SYSTEMPATH\View\View.php(216): CodeIgniter\View\View->CodeIgniter\View\{closure}()
 4 SYSTEMPATH\Common.php(1134): CodeIgniter\View\View->render('Composer/Composer_detail.php', [], true)
 5 APPPATH\Controllers\Composer.php(235): view('Composer/Composer_detail.php', [...])
 6 SYSTEMPATH\CodeIgniter.php(927): App\Controllers\Composer->Detail_data_composer('M')
 7 SYSTEMPATH\CodeIgniter.php(482): CodeIgniter\CodeIgniter->runController(Object(App\Controllers\Composer))
 8 SYSTEMPATH\CodeIgniter.php(351): CodeIgniter\CodeIgniter->handleRequest(null, Object(Config\Cache), false)
 9 FCPATH\index.php(67): CodeIgniter\CodeIgniter->run()
10 SYSTEMPATH\Commands\Server\rewrite.php(46): require_once('FCPATH\\index.php')
CRITICAL - 2022-12-01 05:40:44 --> Undefined array key 0
in APPPATH\Views\Composer\Composer_detail.php on line 51.
 1 APPPATH\Views\Composer\Composer_detail.php(51): CodeIgniter\Debug\Exceptions->errorHandler(2, 'Undefined array key 0', 'APPPATH\\Views\\Composer\\Composer_detail.php', 51)
 2 SYSTEMPATH\View\View.php(213): include('APPPATH\\Views\\Composer\\Composer_detail.php')
 3 SYSTEMPATH\View\View.php(216): CodeIgniter\View\View->CodeIgniter\View\{closure}()
 4 SYSTEMPATH\Common.php(1134): CodeIgniter\View\View->render('Composer/Composer_detail.php', [], true)
 5 APPPATH\Controllers\Composer.php(235): view('Composer/Composer_detail.php', [...])
 6 SYSTEMPATH\CodeIgniter.php(927): App\Controllers\Composer->Detail_data_composer('M')
 7 SYSTEMPATH\CodeIgniter.php(482): CodeIgniter\CodeIgniter->runController(Object(App\Controllers\Composer))
 8 SYSTEMPATH\CodeIgniter.php(351): CodeIgniter\CodeIgniter->handleRequest(null, Object(Config\Cache), false)
 9 FCPATH\index.php(67): CodeIgniter\CodeIgniter->run()
10 SYSTEMPATH\Commands\Server\rewrite.php(46): require_once('FCPATH\\index.php')
CRITICAL - 2022-12-01 05:40:53 --> Undefined array key 0
in APPPATH\Views\Composer\Composer_detail.php on line 63.
 1 APPPATH\Views\Composer\Composer_detail.php(63): CodeIgniter\Debug\Exceptions->errorHandler(2, 'Undefined array key 0', 'APPPATH\\Views\\Composer\\Composer_detail.php', 63)
 2 SYSTEMPATH\View\View.php(213): include('APPPATH\\Views\\Composer\\Composer_detail.php')
 3 SYSTEMPATH\View\View.php(216): CodeIgniter\View\View->CodeIgniter\View\{closure}()
 4 SYSTEMPATH\Common.php(1134): CodeIgniter\View\View->render('Composer/Composer_detail.php', [], true)
 5 APPPATH\Controllers\Composer.php(235): view('Composer/Composer_detail.php', [...])
 6 SYSTEMPATH\CodeIgniter.php(927): App\Controllers\Composer->Detail_data_composer('M')
 7 SYSTEMPATH\CodeIgniter.php(482): CodeIgniter\CodeIgniter->runController(Object(App\Controllers\Composer))
 8 SYSTEMPATH\CodeIgniter.php(351): CodeIgniter\CodeIgniter->handleRequest(null, Object(Config\Cache), false)
 9 FCPATH\index.php(67): CodeIgniter\CodeIgniter->run()
10 SYSTEMPATH\Commands\Server\rewrite.php(46): require_once('FCPATH\\index.php')
CRITICAL - 2022-12-01 05:41:07 --> Undefined array key 0
in APPPATH\Views\Composer\Composer_detail.php on line 70.
 1 APPPATH\Views\Composer\Composer_detail.php(70): CodeIgniter\Debug\Exceptions->errorHandler(2, 'Undefined array key 0', 'APPPATH\\Views\\Composer\\Composer_detail.php', 70)
 2 SYSTEMPATH\View\View.php(213): include('APPPATH\\Views\\Composer\\Composer_detail.php')
 3 SYSTEMPATH\View\View.php(216): CodeIgniter\View\View->CodeIgniter\View\{closure}()
 4 SYSTEMPATH\Common.php(1134): CodeIgniter\View\View->render('Composer/Composer_detail.php', [], true)
 5 APPPATH\Controllers\Composer.php(235): view('Composer/Composer_detail.php', [...])
 6 SYSTEMPATH\CodeIgniter.php(927): App\Controllers\Composer->Detail_data_composer('M')
 7 SYSTEMPATH\CodeIgniter.php(482): CodeIgniter\CodeIgniter->runController(Object(App\Controllers\Composer))
 8 SYSTEMPATH\CodeIgniter.php(351): CodeIgniter\CodeIgniter->handleRequest(null, Object(Config\Cache), false)
 9 FCPATH\index.php(67): CodeIgniter\CodeIgniter->run()
10 SYSTEMPATH\Commands\Server\rewrite.php(46): require_once('FCPATH\\index.php')
CRITICAL - 2022-12-01 05:41:14 --> Undefined variable $Data
in APPPATH\Views\Composer\Composer_detail.php on line 165.
 1 APPPATH\Views\Composer\Composer_detail.php(165): CodeIgniter\Debug\Exceptions->errorHandler(2, 'Undefined variable $Data', 'APPPATH\\Views\\Composer\\Composer_detail.php', 165)
 2 SYSTEMPATH\View\View.php(213): include('APPPATH\\Views\\Composer\\Composer_detail.php')
 3 SYSTEMPATH\View\View.php(216): CodeIgniter\View\View->CodeIgniter\View\{closure}()
 4 SYSTEMPATH\Common.php(1134): CodeIgniter\View\View->render('Composer/Composer_detail.php', [], true)
 5 APPPATH\Controllers\Composer.php(235): view('Composer/Composer_detail.php', [...])
 6 SYSTEMPATH\CodeIgniter.php(927): App\Controllers\Composer->Detail_data_composer('M')
 7 SYSTEMPATH\CodeIgniter.php(482): CodeIgniter\CodeIgniter->runController(Object(App\Controllers\Composer))
 8 SYSTEMPATH\CodeIgniter.php(351): CodeIgniter\CodeIgniter->handleRequest(null, Object(Config\Cache), false)
 9 FCPATH\index.php(67): CodeIgniter\CodeIgniter->run()
10 SYSTEMPATH\Commands\Server\rewrite.php(46): require_once('FCPATH\\index.php')
