CRITICAL - 2022-11-22 00:31:59 --> Undefined array key "COMPOSER_ORIGINAL_NAME"
in APPPATH\Views\Publishing\Publishing_index.php on line 45.
 1 APPPATH\Views\Publishing\Publishing_index.php(45): CodeIgniter\Debug\Exceptions->errorHandler(2, 'Undefined array key "COMPOSER_ORIGINAL_NAME"', 'APPPATH\\Views\\Publishing\\Publishing_index.php', 45)
 2 SYSTEMPATH\View\View.php(213): include('APPPATH\\Views\\Publishing\\Publishing_index.php')
 3 SYSTEMPATH\View\View.php(216): CodeIgniter\View\View->CodeIgniter\View\{closure}()
 4 SYSTEMPATH\Common.php(1134): CodeIgniter\View\View->render('publishing/publishing_index.php', [], true)
 5 APPPATH\Controllers\Publishing.php(29): view('publishing/publishing_index.php', [...])
 6 SYSTEMPATH\CodeIgniter.php(927): App\Controllers\Publishing->index()
 7 SYSTEMPATH\CodeIgniter.php(482): CodeIgniter\CodeIgniter->runController(Object(App\Controllers\Publishing))
 8 SYSTEMPATH\CodeIgniter.php(351): CodeIgniter\CodeIgniter->handleRequest(null, Object(Config\Cache), false)
 9 FCPATH\index.php(67): CodeIgniter\CodeIgniter->run()
10 SYSTEMPATH\Commands\Server\rewrite.php(46): require_once('FCPATH\\index.php')
CRITICAL - 2022-11-22 00:32:40 --> Undefined array key "ID_COMPOSER"
in APPPATH\Views\Publishing\Publishing_index.php on line 48.
 1 APPPATH\Views\Publishing\Publishing_index.php(48): CodeIgniter\Debug\Exceptions->errorHandler(2, 'Undefined array key "ID_COMPOSER"', 'APPPATH\\Views\\Publishing\\Publishing_index.php', 48)
 2 SYSTEMPATH\View\View.php(213): include('APPPATH\\Views\\Publishing\\Publishing_index.php')
 3 SYSTEMPATH\View\View.php(216): CodeIgniter\View\View->CodeIgniter\View\{closure}()
 4 SYSTEMPATH\Common.php(1134): CodeIgniter\View\View->render('publishing/publishing_index.php', [], true)
 5 APPPATH\Controllers\Publishing.php(29): view('publishing/publishing_index.php', [...])
 6 SYSTEMPATH\CodeIgniter.php(927): App\Controllers\Publishing->index()
 7 SYSTEMPATH\CodeIgniter.php(482): CodeIgniter\CodeIgniter->runController(Object(App\Controllers\Publishing))
 8 SYSTEMPATH\CodeIgniter.php(351): CodeIgniter\CodeIgniter->handleRequest(null, Object(Config\Cache), false)
 9 FCPATH\index.php(67): CodeIgniter\CodeIgniter->run()
10 SYSTEMPATH\Commands\Server\rewrite.php(46): require_once('FCPATH\\index.php')
CRITICAL - 2022-11-22 00:43:17 --> Undefined variable $Last_Id_publishing
in APPPATH\Views\Publishing\Publishing_index.php on line 18.
 1 APPPATH\Views\Publishing\Publishing_index.php(18): CodeIgniter\Debug\Exceptions->errorHandler(2, 'Undefined variable $Last_Id_publishing', 'APPPATH\\Views\\Publishing\\Publishing_index.php', 18)
 2 SYSTEMPATH\View\View.php(213): include('APPPATH\\Views\\Publishing\\Publishing_index.php')
 3 SYSTEMPATH\View\View.php(216): CodeIgniter\View\View->CodeIgniter\View\{closure}()
 4 SYSTEMPATH\Common.php(1134): CodeIgniter\View\View->render('publishing/publishing_index.php', [], true)
 5 APPPATH\Controllers\Publishing.php(29): view('publishing/publishing_index.php', [...])
 6 SYSTEMPATH\CodeIgniter.php(927): App\Controllers\Publishing->index()
 7 SYSTEMPATH\CodeIgniter.php(482): CodeIgniter\CodeIgniter->runController(Object(App\Controllers\Publishing))
 8 SYSTEMPATH\CodeIgniter.php(351): CodeIgniter\CodeIgniter->handleRequest(null, Object(Config\Cache), false)
 9 FCPATH\index.php(67): CodeIgniter\CodeIgniter->run()
10 SYSTEMPATH\Commands\Server\rewrite.php(46): require_once('FCPATH\\index.php')
ERROR - 2022-11-22 01:26:14 --> mysqli_sql_exception: Table 'jmm-project-kcp.tb_oublisher' doesn't exist in C:\xampp\htdocs\JMM-PROJECT-KCP\system\Database\MySQLi\Connection.php:292
Stack trace:
#0 C:\xampp\htdocs\JMM-PROJECT-KCP\system\Database\MySQLi\Connection.php(292): mysqli->query('insert into tb_...', 0)
#1 C:\xampp\htdocs\JMM-PROJECT-KCP\system\Database\BaseConnection.php(666): CodeIgniter\Database\MySQLi\Connection->execute('insert into tb_...')
#2 C:\xampp\htdocs\JMM-PROJECT-KCP\system\Database\BaseConnection.php(593): CodeIgniter\Database\BaseConnection->simpleQuery('insert into tb_...')
#3 C:\xampp\htdocs\JMM-PROJECT-KCP\app\Controllers\Publishing.php(90): CodeIgniter\Database\BaseConnection->query('insert into tb_...')
#4 C:\xampp\htdocs\JMM-PROJECT-KCP\system\CodeIgniter.php(927): App\Controllers\Publishing->Create_data_publishing()
#5 C:\xampp\htdocs\JMM-PROJECT-KCP\system\CodeIgniter.php(482): CodeIgniter\CodeIgniter->runController(Object(App\Controllers\Publishing))
#6 C:\xampp\htdocs\JMM-PROJECT-KCP\system\CodeIgniter.php(351): CodeIgniter\CodeIgniter->handleRequest(NULL, Object(Config\Cache), false)
#7 C:\xampp\htdocs\JMM-PROJECT-KCP\public\index.php(67): CodeIgniter\CodeIgniter->run()
#8 C:\xampp\htdocs\JMM-PROJECT-KCP\system\Commands\Server\rewrite.php(46): require_once('C:\\xampp\\htdocs...')
#9 {main}
CRITICAL - 2022-11-22 01:26:14 --> Table 'jmm-project-kcp.tb_oublisher' doesn't exist
in SYSTEMPATH\Database\MySQLi\Connection.php on line 292.
 1 SYSTEMPATH\Database\MySQLi\Connection.php(292): mysqli->query('insert into tb_oublisher values (\'KCP-PLS-4\',\'\', \'asdasd\', \'asdasd\', \'asdasd\', \'123\', \'asdad\',\'\',\'123\', \'123123\',\'BCA\', \'asdasd\', \'123123\',\'1231asdasdasd\',\'1asdasd\',\'123123\',\'123123\',\'123123\',\'123123\',\'123123\',\'123123\',\'123\',\'asdasdasd\')', 0)
 2 SYSTEMPATH\Database\BaseConnection.php(666): CodeIgniter\Database\MySQLi\Connection->execute('insert into tb_oublisher values (\'KCP-PLS-4\',\'\', \'asdasd\', \'asdasd\', \'asdasd\', \'123\', \'asdad\',\'\',\'123\', \'123123\',\'BCA\', \'asdasd\', \'123123\',\'1231asdasdasd\',\'1asdasd\',\'123123\',\'123123\',\'123123\',\'123123\',\'123123\',\'123123\',\'123\',\'asdasdasd\')')
 3 SYSTEMPATH\Database\BaseConnection.php(593): CodeIgniter\Database\BaseConnection->simpleQuery('insert into tb_oublisher values (\'KCP-PLS-4\',\'\', \'asdasd\', \'asdasd\', \'asdasd\', \'123\', \'asdad\',\'\',\'123\', \'123123\',\'BCA\', \'asdasd\', \'123123\',\'1231asdasdasd\',\'1asdasd\',\'123123\',\'123123\',\'123123\',\'123123\',\'123123\',\'123123\',\'123\',\'asdasdasd\')')
 4 APPPATH\Controllers\Publishing.php(90): CodeIgniter\Database\BaseConnection->query('insert into tb_oublisher values (\'KCP-PLS-4\',\'\', \'asdasd\', \'asdasd\', \'asdasd\', \'123\', \'asdad\',\'\',\'123\', \'123123\',\'BCA\', \'asdasd\', \'123123\',\'1231asdasdasd\',\'1asdasd\',\'123123\',\'123123\',\'123123\',\'123123\',\'123123\',\'123123\',\'123\',\'asdasdasd\')')
 5 SYSTEMPATH\CodeIgniter.php(927): App\Controllers\Publishing->Create_data_publishing()
 6 SYSTEMPATH\CodeIgniter.php(482): CodeIgniter\CodeIgniter->runController(Object(App\Controllers\Publishing))
 7 SYSTEMPATH\CodeIgniter.php(351): CodeIgniter\CodeIgniter->handleRequest(null, Object(Config\Cache), false)
 8 FCPATH\index.php(67): CodeIgniter\CodeIgniter->run()
 9 SYSTEMPATH\Commands\Server\rewrite.php(46): require_once('FCPATH\\index.php')
ERROR - 2022-11-22 01:26:22 --> mysqli_sql_exception: Table 'jmm-project-kcp.tb_publisher' doesn't exist in C:\xampp\htdocs\JMM-PROJECT-KCP\system\Database\MySQLi\Connection.php:292
Stack trace:
#0 C:\xampp\htdocs\JMM-PROJECT-KCP\system\Database\MySQLi\Connection.php(292): mysqli->query('insert into tb_...', 0)
#1 C:\xampp\htdocs\JMM-PROJECT-KCP\system\Database\BaseConnection.php(666): CodeIgniter\Database\MySQLi\Connection->execute('insert into tb_...')
#2 C:\xampp\htdocs\JMM-PROJECT-KCP\system\Database\BaseConnection.php(593): CodeIgniter\Database\BaseConnection->simpleQuery('insert into tb_...')
#3 C:\xampp\htdocs\JMM-PROJECT-KCP\app\Controllers\Publishing.php(90): CodeIgniter\Database\BaseConnection->query('insert into tb_...')
#4 C:\xampp\htdocs\JMM-PROJECT-KCP\system\CodeIgniter.php(927): App\Controllers\Publishing->Create_data_publishing()
#5 C:\xampp\htdocs\JMM-PROJECT-KCP\system\CodeIgniter.php(482): CodeIgniter\CodeIgniter->runController(Object(App\Controllers\Publishing))
#6 C:\xampp\htdocs\JMM-PROJECT-KCP\system\CodeIgniter.php(351): CodeIgniter\CodeIgniter->handleRequest(NULL, Object(Config\Cache), false)
#7 C:\xampp\htdocs\JMM-PROJECT-KCP\public\index.php(67): CodeIgniter\CodeIgniter->run()
#8 C:\xampp\htdocs\JMM-PROJECT-KCP\system\Commands\Server\rewrite.php(46): require_once('C:\\xampp\\htdocs...')
#9 {main}
CRITICAL - 2022-11-22 01:26:22 --> Table 'jmm-project-kcp.tb_publisher' doesn't exist
in SYSTEMPATH\Database\MySQLi\Connection.php on line 292.
 1 SYSTEMPATH\Database\MySQLi\Connection.php(292): mysqli->query('insert into tb_publisher values (\'KCP-PLS-4\',\'\', \'asdasd\', \'asdasd\', \'asdasd\', \'123\', \'asdad\',\'\',\'123\', \'123123\',\'BCA\', \'asdasd\', \'123123\',\'1231asdasdasd\',\'1asdasd\',\'123123\',\'123123\',\'123123\',\'123123\',\'123123\',\'123123\',\'123\',\'asdasdasd\')', 0)
 2 SYSTEMPATH\Database\BaseConnection.php(666): CodeIgniter\Database\MySQLi\Connection->execute('insert into tb_publisher values (\'KCP-PLS-4\',\'\', \'asdasd\', \'asdasd\', \'asdasd\', \'123\', \'asdad\',\'\',\'123\', \'123123\',\'BCA\', \'asdasd\', \'123123\',\'1231asdasdasd\',\'1asdasd\',\'123123\',\'123123\',\'123123\',\'123123\',\'123123\',\'123123\',\'123\',\'asdasdasd\')')
 3 SYSTEMPATH\Database\BaseConnection.php(593): CodeIgniter\Database\BaseConnection->simpleQuery('insert into tb_publisher values (\'KCP-PLS-4\',\'\', \'asdasd\', \'asdasd\', \'asdasd\', \'123\', \'asdad\',\'\',\'123\', \'123123\',\'BCA\', \'asdasd\', \'123123\',\'1231asdasdasd\',\'1asdasd\',\'123123\',\'123123\',\'123123\',\'123123\',\'123123\',\'123123\',\'123\',\'asdasdasd\')')
 4 APPPATH\Controllers\Publishing.php(90): CodeIgniter\Database\BaseConnection->query('insert into tb_publisher values (\'KCP-PLS-4\',\'\', \'asdasd\', \'asdasd\', \'asdasd\', \'123\', \'asdad\',\'\',\'123\', \'123123\',\'BCA\', \'asdasd\', \'123123\',\'1231asdasdasd\',\'1asdasd\',\'123123\',\'123123\',\'123123\',\'123123\',\'123123\',\'123123\',\'123\',\'asdasdasd\')')
 5 SYSTEMPATH\CodeIgniter.php(927): App\Controllers\Publishing->Create_data_publishing()
 6 SYSTEMPATH\CodeIgniter.php(482): CodeIgniter\CodeIgniter->runController(Object(App\Controllers\Publishing))
 7 SYSTEMPATH\CodeIgniter.php(351): CodeIgniter\CodeIgniter->handleRequest(null, Object(Config\Cache), false)
 8 FCPATH\index.php(67): CodeIgniter\CodeIgniter->run()
 9 SYSTEMPATH\Commands\Server\rewrite.php(46): require_once('FCPATH\\index.php')
CRITICAL - 2022-11-22 01:45:57 --> Undefined array key "Publishing_original_name"
in APPPATH\Views\Publishing\Publishing_index.php on line 242.
 1 APPPATH\Views\Publishing\Publishing_index.php(242): CodeIgniter\Debug\Exceptions->errorHandler(2, 'Undefined array key "Publishing_original_name"', 'APPPATH\\Views\\Publishing\\Publishing_index.php', 242)
 2 SYSTEMPATH\View\View.php(213): include('APPPATH\\Views\\Publishing\\Publishing_index.php')
 3 SYSTEMPATH\View\View.php(216): CodeIgniter\View\View->CodeIgniter\View\{closure}()
 4 SYSTEMPATH\Common.php(1134): CodeIgniter\View\View->render('publishing/publishing_index.php', [], true)
 5 APPPATH\Controllers\Publishing.php(29): view('publishing/publishing_index.php', [...])
 6 SYSTEMPATH\CodeIgniter.php(927): App\Controllers\Publishing->index()
 7 SYSTEMPATH\CodeIgniter.php(482): CodeIgniter\CodeIgniter->runController(Object(App\Controllers\Publishing))
 8 SYSTEMPATH\CodeIgniter.php(351): CodeIgniter\CodeIgniter->handleRequest(null, Object(Config\Cache), false)
 9 FCPATH\index.php(67): CodeIgniter\CodeIgniter->run()
10 SYSTEMPATH\Commands\Server\rewrite.php(46): require_once('FCPATH\\index.php')
CRITICAL - 2022-11-22 01:46:28 --> Undefined array key "	PUBLISHING_ORIGINAL_NAME"
in APPPATH\Views\Publishing\Publishing_index.php on line 242.
 1 APPPATH\Views\Publishing\Publishing_index.php(242): CodeIgniter\Debug\Exceptions->errorHandler(2, 'Undefined array key "	PUBLISHING_ORIGINAL_NAME"', 'APPPATH\\Views\\Publishing\\Publishing_index.php', 242)
 2 SYSTEMPATH\View\View.php(213): include('APPPATH\\Views\\Publishing\\Publishing_index.php')
 3 SYSTEMPATH\View\View.php(216): CodeIgniter\View\View->CodeIgniter\View\{closure}()
 4 SYSTEMPATH\Common.php(1134): CodeIgniter\View\View->render('publishing/publishing_index.php', [], true)
 5 APPPATH\Controllers\Publishing.php(29): view('publishing/publishing_index.php', [...])
 6 SYSTEMPATH\CodeIgniter.php(927): App\Controllers\Publishing->index()
 7 SYSTEMPATH\CodeIgniter.php(482): CodeIgniter\CodeIgniter->runController(Object(App\Controllers\Publishing))
 8 SYSTEMPATH\CodeIgniter.php(351): CodeIgniter\CodeIgniter->handleRequest(null, Object(Config\Cache), false)
 9 FCPATH\index.php(67): CodeIgniter\CodeIgniter->run()
10 SYSTEMPATH\Commands\Server\rewrite.php(46): require_once('FCPATH\\index.php')
CRITICAL - 2022-11-22 02:03:20 --> Undefined variable $Last_Id_Composer
in APPPATH\Controllers\Composer.php on line 40.
 1 APPPATH\Controllers\Composer.php(40): CodeIgniter\Debug\Exceptions->errorHandler(2, 'Undefined variable $Last_Id_Composer', 'APPPATH\\Controllers\\Composer.php', 40)
 2 SYSTEMPATH\CodeIgniter.php(927): App\Controllers\Composer->index()
 3 SYSTEMPATH\CodeIgniter.php(482): CodeIgniter\CodeIgniter->runController(Object(App\Controllers\Composer))
 4 SYSTEMPATH\CodeIgniter.php(351): CodeIgniter\CodeIgniter->handleRequest(null, Object(Config\Cache), false)
 5 FCPATH\index.php(67): CodeIgniter\CodeIgniter->run()
 6 SYSTEMPATH\Commands\Server\rewrite.php(46): require_once('FCPATH\\index.php')
CRITICAL - 2022-11-22 02:03:50 --> Array callback must have exactly two elements
in APPPATH\Controllers\Composer.php on line 29.
 1 SYSTEMPATH\CodeIgniter.php(927): App\Controllers\Composer->index()
 2 SYSTEMPATH\CodeIgniter.php(482): CodeIgniter\CodeIgniter->runController(Object(App\Controllers\Composer))
 3 SYSTEMPATH\CodeIgniter.php(351): CodeIgniter\CodeIgniter->handleRequest(null, Object(Config\Cache), false)
 4 FCPATH\index.php(67): CodeIgniter\CodeIgniter->run()
 5 SYSTEMPATH\Commands\Server\rewrite.php(46): require_once('FCPATH\\index.php')
CRITICAL - 2022-11-22 02:04:02 --> Undefined variable $Last_Id_Composer
in APPPATH\Controllers\Composer.php on line 40.
 1 APPPATH\Controllers\Composer.php(40): CodeIgniter\Debug\Exceptions->errorHandler(2, 'Undefined variable $Last_Id_Composer', 'APPPATH\\Controllers\\Composer.php', 40)
 2 SYSTEMPATH\CodeIgniter.php(927): App\Controllers\Composer->index()
 3 SYSTEMPATH\CodeIgniter.php(482): CodeIgniter\CodeIgniter->runController(Object(App\Controllers\Composer))
 4 SYSTEMPATH\CodeIgniter.php(351): CodeIgniter\CodeIgniter->handleRequest(null, Object(Config\Cache), false)
 5 FCPATH\index.php(67): CodeIgniter\CodeIgniter->run()
 6 SYSTEMPATH\Commands\Server\rewrite.php(46): require_once('FCPATH\\index.php')
CRITICAL - 2022-11-22 02:04:42 --> Undefined array key -1
in APPPATH\Controllers\Composer.php on line 26.
 1 APPPATH\Controllers\Composer.php(26): CodeIgniter\Debug\Exceptions->errorHandler(2, 'Undefined array key -1', 'APPPATH\\Controllers\\Composer.php', 26)
 2 SYSTEMPATH\CodeIgniter.php(927): App\Controllers\Composer->index()
 3 SYSTEMPATH\CodeIgniter.php(482): CodeIgniter\CodeIgniter->runController(Object(App\Controllers\Composer))
 4 SYSTEMPATH\CodeIgniter.php(351): CodeIgniter\CodeIgniter->handleRequest(null, Object(Config\Cache), false)
 5 FCPATH\index.php(67): CodeIgniter\CodeIgniter->run()
 6 SYSTEMPATH\Commands\Server\rewrite.php(46): require_once('FCPATH\\index.php')
CRITICAL - 2022-11-22 02:07:41 --> Undefined variable $Last_Id_Composer
in APPPATH\Controllers\Composer.php on line 41.
 1 APPPATH\Controllers\Composer.php(41): CodeIgniter\Debug\Exceptions->errorHandler(2, 'Undefined variable $Last_Id_Composer', 'APPPATH\\Controllers\\Composer.php', 41)
 2 SYSTEMPATH\CodeIgniter.php(927): App\Controllers\Composer->index()
 3 SYSTEMPATH\CodeIgniter.php(482): CodeIgniter\CodeIgniter->runController(Object(App\Controllers\Composer))
 4 SYSTEMPATH\CodeIgniter.php(351): CodeIgniter\CodeIgniter->handleRequest(null, Object(Config\Cache), false)
 5 FCPATH\index.php(67): CodeIgniter\CodeIgniter->run()
 6 SYSTEMPATH\Commands\Server\rewrite.php(46): require_once('FCPATH\\index.php')
CRITICAL - 2022-11-22 02:11:42 --> max(): Argument #1 ($value) must contain at least one element
in APPPATH\Controllers\Composer.php on line 26.
 1 APPPATH\Controllers\Composer.php(26): max([])
 2 SYSTEMPATH\CodeIgniter.php(927): App\Controllers\Composer->index()
 3 SYSTEMPATH\CodeIgniter.php(482): CodeIgniter\CodeIgniter->runController(Object(App\Controllers\Composer))
 4 SYSTEMPATH\CodeIgniter.php(351): CodeIgniter\CodeIgniter->handleRequest(null, Object(Config\Cache), false)
 5 FCPATH\index.php(67): CodeIgniter\CodeIgniter->run()
 6 SYSTEMPATH\Commands\Server\rewrite.php(46): require_once('FCPATH\\index.php')
CRITICAL - 2022-11-22 02:11:51 --> max(): Argument #1 ($value) must contain at least one element
in APPPATH\Controllers\Composer.php on line 26.
 1 APPPATH\Controllers\Composer.php(26): max([])
 2 SYSTEMPATH\CodeIgniter.php(927): App\Controllers\Composer->index()
 3 SYSTEMPATH\CodeIgniter.php(482): CodeIgniter\CodeIgniter->runController(Object(App\Controllers\Composer))
 4 SYSTEMPATH\CodeIgniter.php(351): CodeIgniter\CodeIgniter->handleRequest(null, Object(Config\Cache), false)
 5 FCPATH\index.php(67): CodeIgniter\CodeIgniter->run()
 6 SYSTEMPATH\Commands\Server\rewrite.php(46): require_once('FCPATH\\index.php')
CRITICAL - 2022-11-22 02:21:16 --> max(): Argument #1 ($value) must contain at least one element
in APPPATH\Controllers\Publishing.php on line 19.
 1 APPPATH\Controllers\Publishing.php(19): max([])
 2 SYSTEMPATH\CodeIgniter.php(927): App\Controllers\Publishing->index()
 3 SYSTEMPATH\CodeIgniter.php(482): CodeIgniter\CodeIgniter->runController(Object(App\Controllers\Publishing))
 4 SYSTEMPATH\CodeIgniter.php(351): CodeIgniter\CodeIgniter->handleRequest(null, Object(Config\Cache), false)
 5 FCPATH\index.php(67): CodeIgniter\CodeIgniter->run()
 6 SYSTEMPATH\Commands\Server\rewrite.php(46): require_once('FCPATH\\index.php')
CRITICAL - 2022-11-22 03:03:28 --> Too few arguments to function App\Controllers\Composer::Update_data_composer(), 0 passed in C:\xampp\htdocs\JMM-PROJECT-KCP\system\CodeIgniter.php on line 927 and exactly 1 expected
in APPPATH\Controllers\Composer.php on line 131.
 1 SYSTEMPATH\CodeIgniter.php(927): App\Controllers\Composer->Update_data_composer()
 2 SYSTEMPATH\CodeIgniter.php(482): CodeIgniter\CodeIgniter->runController(Object(App\Controllers\Composer))
 3 SYSTEMPATH\CodeIgniter.php(351): CodeIgniter\CodeIgniter->handleRequest(null, Object(Config\Cache), false)
 4 FCPATH\index.php(67): CodeIgniter\CodeIgniter->run()
 5 SYSTEMPATH\Commands\Server\rewrite.php(46): require_once('FCPATH\\index.php')
CRITICAL - 2022-11-22 03:04:32 --> Too few arguments to function App\Controllers\Composer::Update_data_composer(), 0 passed in C:\xampp\htdocs\JMM-PROJECT-KCP\system\CodeIgniter.php on line 927 and exactly 1 expected
in APPPATH\Controllers\Composer.php on line 131.
 1 SYSTEMPATH\CodeIgniter.php(927): App\Controllers\Composer->Update_data_composer()
 2 SYSTEMPATH\CodeIgniter.php(482): CodeIgniter\CodeIgniter->runController(Object(App\Controllers\Composer))
 3 SYSTEMPATH\CodeIgniter.php(351): CodeIgniter\CodeIgniter->handleRequest(null, Object(Config\Cache), false)
 4 FCPATH\index.php(67): CodeIgniter\CodeIgniter->run()
 5 SYSTEMPATH\Commands\Server\rewrite.php(46): require_once('FCPATH\\index.php')
CRITICAL - 2022-11-22 03:06:07 --> Too few arguments to function CodeIgniter\HTTP\IncomingRequest::getFile(), 0 passed in C:\xampp\htdocs\JMM-PROJECT-KCP\app\Controllers\Composer.php on line 135 and exactly 1 expected
in SYSTEMPATH\HTTP\IncomingRequest.php on line 750.
 1 APPPATH\Controllers\Composer.php(135): CodeIgniter\HTTP\IncomingRequest->getFile()
 2 SYSTEMPATH\CodeIgniter.php(927): App\Controllers\Composer->Update_data_composer('KCP-CPS-1')
 3 SYSTEMPATH\CodeIgniter.php(482): CodeIgniter\CodeIgniter->runController(Object(App\Controllers\Composer))
 4 SYSTEMPATH\CodeIgniter.php(351): CodeIgniter\CodeIgniter->handleRequest(null, Object(Config\Cache), false)
 5 FCPATH\index.php(67): CodeIgniter\CodeIgniter->run()
 6 SYSTEMPATH\Commands\Server\rewrite.php(46): require_once('FCPATH\\index.php')
CRITICAL - 2022-11-22 03:09:43 --> Call to a member function getName() on null
in APPPATH\Controllers\Composer.php on line 141.
 1 SYSTEMPATH\CodeIgniter.php(927): App\Controllers\Composer->Update_data_composer('KCP-CPS-1')
 2 SYSTEMPATH\CodeIgniter.php(482): CodeIgniter\CodeIgniter->runController(Object(App\Controllers\Composer))
 3 SYSTEMPATH\CodeIgniter.php(351): CodeIgniter\CodeIgniter->handleRequest(null, Object(Config\Cache), false)
 4 FCPATH\index.php(67): CodeIgniter\CodeIgniter->run()
 5 SYSTEMPATH\Commands\Server\rewrite.php(46): require_once('FCPATH\\index.php')
CRITICAL - 2022-11-22 03:12:16 --> Call to a member function getName() on null
in APPPATH\Controllers\Composer.php on line 141.
 1 SYSTEMPATH\CodeIgniter.php(927): App\Controllers\Composer->Update_data_composer('KCP-CPS-1')
 2 SYSTEMPATH\CodeIgniter.php(482): CodeIgniter\CodeIgniter->runController(Object(App\Controllers\Composer))
 3 SYSTEMPATH\CodeIgniter.php(351): CodeIgniter\CodeIgniter->handleRequest(null, Object(Config\Cache), false)
 4 FCPATH\index.php(67): CodeIgniter\CodeIgniter->run()
 5 SYSTEMPATH\Commands\Server\rewrite.php(46): require_once('FCPATH\\index.php')
CRITICAL - 2022-11-22 03:13:00 --> Call to a member function getName() on null
in APPPATH\Controllers\Composer.php on line 136.
 1 SYSTEMPATH\CodeIgniter.php(927): App\Controllers\Composer->Update_data_composer('KCP-CPS-1')
 2 SYSTEMPATH\CodeIgniter.php(482): CodeIgniter\CodeIgniter->runController(Object(App\Controllers\Composer))
 3 SYSTEMPATH\CodeIgniter.php(351): CodeIgniter\CodeIgniter->handleRequest(null, Object(Config\Cache), false)
 4 FCPATH\index.php(67): CodeIgniter\CodeIgniter->run()
 5 SYSTEMPATH\Commands\Server\rewrite.php(46): require_once('FCPATH\\index.php')
CRITICAL - 2022-11-22 20:15:47 --> Cannot access offset of type string on string
in APPPATH\Views\index.php on line 19.
 1 SYSTEMPATH\View\View.php(213): include()
 2 SYSTEMPATH\View\View.php(216): CodeIgniter\View\View->CodeIgniter\View\{closure}()
 3 SYSTEMPATH\Common.php(1134): CodeIgniter\View\View->render('FCPATH\\index.php', [], true)
 4 APPPATH\Controllers\Home.php(12): view('FCPATH\\index.php')
 5 SYSTEMPATH\CodeIgniter.php(927): App\Controllers\Home->index()
 6 SYSTEMPATH\CodeIgniter.php(482): CodeIgniter\CodeIgniter->runController(Object(App\Controllers\Home))
 7 SYSTEMPATH\CodeIgniter.php(351): CodeIgniter\CodeIgniter->handleRequest(null, Object(Config\Cache), false)
 8 FCPATH\index.php(67): CodeIgniter\CodeIgniter->run()
 9 SYSTEMPATH\Commands\Server\rewrite.php(46): require_once('FCPATH\\index.php')
CRITICAL - 2022-11-22 20:16:08 --> Cannot access offset of type string on string
in APPPATH\Views\index.php on line 19.
 1 SYSTEMPATH\View\View.php(213): include()
 2 SYSTEMPATH\View\View.php(216): CodeIgniter\View\View->CodeIgniter\View\{closure}()
 3 SYSTEMPATH\Common.php(1134): CodeIgniter\View\View->render('FCPATH\\index.php', [], true)
 4 APPPATH\Controllers\Home.php(12): view('FCPATH\\index.php')
 5 SYSTEMPATH\CodeIgniter.php(927): App\Controllers\Home->index()
 6 SYSTEMPATH\CodeIgniter.php(482): CodeIgniter\CodeIgniter->runController(Object(App\Controllers\Home))
 7 SYSTEMPATH\CodeIgniter.php(351): CodeIgniter\CodeIgniter->handleRequest(null, Object(Config\Cache), false)
 8 FCPATH\index.php(67): CodeIgniter\CodeIgniter->run()
 9 SYSTEMPATH\Commands\Server\rewrite.php(46): require_once('FCPATH\\index.php')
CRITICAL - 2022-11-22 20:16:32 --> foreach() argument must be of type array|object, string given
in APPPATH\Views\index.php on line 19.
 1 APPPATH\Views\index.php(19): CodeIgniter\Debug\Exceptions->errorHandler(2, 'foreach() argument must be of type array|object, string given', 'APPPATH\\Views\\index.php', 19)
 2 SYSTEMPATH\View\View.php(213): include('APPPATH\\Views\\index.php')
 3 SYSTEMPATH\View\View.php(216): CodeIgniter\View\View->CodeIgniter\View\{closure}()
 4 SYSTEMPATH\Common.php(1134): CodeIgniter\View\View->render('FCPATH\\index.php', [], true)
 5 APPPATH\Controllers\Home.php(12): view('FCPATH\\index.php')
 6 SYSTEMPATH\CodeIgniter.php(927): App\Controllers\Home->index()
 7 SYSTEMPATH\CodeIgniter.php(482): CodeIgniter\CodeIgniter->runController(Object(App\Controllers\Home))
 8 SYSTEMPATH\CodeIgniter.php(351): CodeIgniter\CodeIgniter->handleRequest(null, Object(Config\Cache), false)
 9 FCPATH\index.php(67): CodeIgniter\CodeIgniter->run()
10 SYSTEMPATH\Commands\Server\rewrite.php(46): require_once('FCPATH\\index.php')
CRITICAL - 2022-11-22 20:17:13 --> count(): Argument #1 ($value) must be of type Countable|array, string given
in APPPATH\Views\index.php on line 22.
 1 SYSTEMPATH\View\View.php(213): include()
 2 SYSTEMPATH\View\View.php(216): CodeIgniter\View\View->CodeIgniter\View\{closure}()
 3 SYSTEMPATH\Common.php(1134): CodeIgniter\View\View->render('FCPATH\\index.php', [], true)
 4 APPPATH\Controllers\Home.php(12): view('FCPATH\\index.php')
 5 SYSTEMPATH\CodeIgniter.php(927): App\Controllers\Home->index()
 6 SYSTEMPATH\CodeIgniter.php(482): CodeIgniter\CodeIgniter->runController(Object(App\Controllers\Home))
 7 SYSTEMPATH\CodeIgniter.php(351): CodeIgniter\CodeIgniter->handleRequest(null, Object(Config\Cache), false)
 8 FCPATH\index.php(67): CodeIgniter\CodeIgniter->run()
 9 SYSTEMPATH\Commands\Server\rewrite.php(46): require_once('FCPATH\\index.php')
CRITICAL - 2022-11-22 20:19:19 --> Uninitialized string offset 1
in APPPATH\Views\index.php on line 23.
 1 APPPATH\Views\index.php(23): CodeIgniter\Debug\Exceptions->errorHandler(2, 'Uninitialized string offset 1', 'APPPATH\\Views\\index.php', 23)
 2 SYSTEMPATH\View\View.php(213): include('APPPATH\\Views\\index.php')
 3 SYSTEMPATH\View\View.php(216): CodeIgniter\View\View->CodeIgniter\View\{closure}()
 4 SYSTEMPATH\Common.php(1134): CodeIgniter\View\View->render('FCPATH\\index.php', [], true)
 5 APPPATH\Controllers\Home.php(12): view('FCPATH\\index.php')
 6 SYSTEMPATH\CodeIgniter.php(927): App\Controllers\Home->index()
 7 SYSTEMPATH\CodeIgniter.php(482): CodeIgniter\CodeIgniter->runController(Object(App\Controllers\Home))
 8 SYSTEMPATH\CodeIgniter.php(351): CodeIgniter\CodeIgniter->handleRequest(null, Object(Config\Cache), false)
 9 FCPATH\index.php(67): CodeIgniter\CodeIgniter->run()
10 SYSTEMPATH\Commands\Server\rewrite.php(46): require_once('FCPATH\\index.php')
CRITICAL - 2022-11-22 20:19:27 --> Cannot use [] for reading
in APPPATH\Views\index.php on line 23.
 1 [internal function]: CodeIgniter\Debug\Exceptions->shutdownHandler()
CRITICAL - 2022-11-22 20:22:59 --> Cannot use object of type stdClass as array
in APPPATH\Views\index.php on line 22.
 1 SYSTEMPATH\View\View.php(213): include()
 2 SYSTEMPATH\View\View.php(216): CodeIgniter\View\View->CodeIgniter\View\{closure}()
 3 SYSTEMPATH\Common.php(1134): CodeIgniter\View\View->render('FCPATH\\index.php', [], true)
 4 APPPATH\Controllers\Home.php(12): view('FCPATH\\index.php')
 5 SYSTEMPATH\CodeIgniter.php(927): App\Controllers\Home->index()
 6 SYSTEMPATH\CodeIgniter.php(482): CodeIgniter\CodeIgniter->runController(Object(App\Controllers\Home))
 7 SYSTEMPATH\CodeIgniter.php(351): CodeIgniter\CodeIgniter->handleRequest(null, Object(Config\Cache), false)
 8 FCPATH\index.php(67): CodeIgniter\CodeIgniter->run()
 9 SYSTEMPATH\Commands\Server\rewrite.php(46): require_once('FCPATH\\index.php')
CRITICAL - 2022-11-22 20:23:30 --> Cannot use object of type stdClass as array
in APPPATH\Views\index.php on line 22.
 1 SYSTEMPATH\View\View.php(213): include()
 2 SYSTEMPATH\View\View.php(216): CodeIgniter\View\View->CodeIgniter\View\{closure}()
 3 SYSTEMPATH\Common.php(1134): CodeIgniter\View\View->render('FCPATH\\index.php', [], true)
 4 APPPATH\Controllers\Home.php(12): view('FCPATH\\index.php')
 5 SYSTEMPATH\CodeIgniter.php(927): App\Controllers\Home->index()
 6 SYSTEMPATH\CodeIgniter.php(482): CodeIgniter\CodeIgniter->runController(Object(App\Controllers\Home))
 7 SYSTEMPATH\CodeIgniter.php(351): CodeIgniter\CodeIgniter->handleRequest(null, Object(Config\Cache), false)
 8 FCPATH\index.php(67): CodeIgniter\CodeIgniter->run()
 9 SYSTEMPATH\Commands\Server\rewrite.php(46): require_once('FCPATH\\index.php')
CRITICAL - 2022-11-22 20:23:53 --> Undefined property: stdClass::$stdClass
in APPPATH\Views\index.php on line 22.
 1 APPPATH\Views\index.php(22): CodeIgniter\Debug\Exceptions->errorHandler(2, 'Undefined property: stdClass::$stdClass', 'APPPATH\\Views\\index.php', 22)
 2 SYSTEMPATH\View\View.php(213): include('APPPATH\\Views\\index.php')
 3 SYSTEMPATH\View\View.php(216): CodeIgniter\View\View->CodeIgniter\View\{closure}()
 4 SYSTEMPATH\Common.php(1134): CodeIgniter\View\View->render('FCPATH\\index.php', [], true)
 5 APPPATH\Controllers\Home.php(12): view('FCPATH\\index.php')
 6 SYSTEMPATH\CodeIgniter.php(927): App\Controllers\Home->index()
 7 SYSTEMPATH\CodeIgniter.php(482): CodeIgniter\CodeIgniter->runController(Object(App\Controllers\Home))
 8 SYSTEMPATH\CodeIgniter.php(351): CodeIgniter\CodeIgniter->handleRequest(null, Object(Config\Cache), false)
 9 FCPATH\index.php(67): CodeIgniter\CodeIgniter->run()
10 SYSTEMPATH\Commands\Server\rewrite.php(46): require_once('FCPATH\\index.php')
CRITICAL - 2022-11-22 20:24:05 --> Undefined variable $stdClass
in APPPATH\Views\index.php on line 22.
 1 APPPATH\Views\index.php(22): CodeIgniter\Debug\Exceptions->errorHandler(2, 'Undefined variable $stdClass', 'APPPATH\\Views\\index.php', 22)
 2 SYSTEMPATH\View\View.php(213): include('APPPATH\\Views\\index.php')
 3 SYSTEMPATH\View\View.php(216): CodeIgniter\View\View->CodeIgniter\View\{closure}()
 4 SYSTEMPATH\Common.php(1134): CodeIgniter\View\View->render('FCPATH\\index.php', [], true)
 5 APPPATH\Controllers\Home.php(12): view('FCPATH\\index.php')
 6 SYSTEMPATH\CodeIgniter.php(927): App\Controllers\Home->index()
 7 SYSTEMPATH\CodeIgniter.php(482): CodeIgniter\CodeIgniter->runController(Object(App\Controllers\Home))
 8 SYSTEMPATH\CodeIgniter.php(351): CodeIgniter\CodeIgniter->handleRequest(null, Object(Config\Cache), false)
 9 FCPATH\index.php(67): CodeIgniter\CodeIgniter->run()
10 SYSTEMPATH\Commands\Server\rewrite.php(46): require_once('FCPATH\\index.php')
CRITICAL - 2022-11-22 20:25:28 --> Cannot use object of type stdClass as array
in APPPATH\Views\index.php on line 22.
 1 SYSTEMPATH\View\View.php(213): include()
 2 SYSTEMPATH\View\View.php(216): CodeIgniter\View\View->CodeIgniter\View\{closure}()
 3 SYSTEMPATH\Common.php(1134): CodeIgniter\View\View->render('FCPATH\\index.php', [], true)
 4 APPPATH\Controllers\Home.php(12): view('FCPATH\\index.php')
 5 SYSTEMPATH\CodeIgniter.php(927): App\Controllers\Home->index()
 6 SYSTEMPATH\CodeIgniter.php(482): CodeIgniter\CodeIgniter->runController(Object(App\Controllers\Home))
 7 SYSTEMPATH\CodeIgniter.php(351): CodeIgniter\CodeIgniter->handleRequest(null, Object(Config\Cache), false)
 8 FCPATH\index.php(67): CodeIgniter\CodeIgniter->run()
 9 SYSTEMPATH\Commands\Server\rewrite.php(46): require_once('FCPATH\\index.php')
CRITICAL - 2022-11-22 20:25:46 --> Undefined property: stdClass::$stdClass
in APPPATH\Views\index.php on line 22.
 1 APPPATH\Views\index.php(22): CodeIgniter\Debug\Exceptions->errorHandler(2, 'Undefined property: stdClass::$stdClass', 'APPPATH\\Views\\index.php', 22)
 2 SYSTEMPATH\View\View.php(213): include('APPPATH\\Views\\index.php')
 3 SYSTEMPATH\View\View.php(216): CodeIgniter\View\View->CodeIgniter\View\{closure}()
 4 SYSTEMPATH\Common.php(1134): CodeIgniter\View\View->render('FCPATH\\index.php', [], true)
 5 APPPATH\Controllers\Home.php(12): view('FCPATH\\index.php')
 6 SYSTEMPATH\CodeIgniter.php(927): App\Controllers\Home->index()
 7 SYSTEMPATH\CodeIgniter.php(482): CodeIgniter\CodeIgniter->runController(Object(App\Controllers\Home))
 8 SYSTEMPATH\CodeIgniter.php(351): CodeIgniter\CodeIgniter->handleRequest(null, Object(Config\Cache), false)
 9 FCPATH\index.php(67): CodeIgniter\CodeIgniter->run()
10 SYSTEMPATH\Commands\Server\rewrite.php(46): require_once('FCPATH\\index.php')
CRITICAL - 2022-11-22 20:32:27 --> Undefined property: stdClass::$stdClass
in APPPATH\Views\index.php on line 22.
 1 APPPATH\Views\index.php(22): CodeIgniter\Debug\Exceptions->errorHandler(2, 'Undefined property: stdClass::$stdClass', 'APPPATH\\Views\\index.php', 22)
 2 SYSTEMPATH\View\View.php(213): include('APPPATH\\Views\\index.php')
 3 SYSTEMPATH\View\View.php(216): CodeIgniter\View\View->CodeIgniter\View\{closure}()
 4 SYSTEMPATH\Common.php(1134): CodeIgniter\View\View->render('FCPATH\\index.php', [], true)
 5 APPPATH\Controllers\Home.php(12): view('FCPATH\\index.php')
 6 SYSTEMPATH\CodeIgniter.php(927): App\Controllers\Home->index()
 7 SYSTEMPATH\CodeIgniter.php(482): CodeIgniter\CodeIgniter->runController(Object(App\Controllers\Home))
 8 SYSTEMPATH\CodeIgniter.php(351): CodeIgniter\CodeIgniter->handleRequest(null, Object(Config\Cache), false)
 9 FCPATH\index.php(67): CodeIgniter\CodeIgniter->run()
10 SYSTEMPATH\Commands\Server\rewrite.php(46): require_once('FCPATH\\index.php')
CRITICAL - 2022-11-22 20:35:52 --> count(): Argument #1 ($value) must be of type Countable|array, stdClass given
in APPPATH\Views\index.php on line 26.
 1 SYSTEMPATH\View\View.php(213): include()
 2 SYSTEMPATH\View\View.php(216): CodeIgniter\View\View->CodeIgniter\View\{closure}()
 3 SYSTEMPATH\Common.php(1134): CodeIgniter\View\View->render('FCPATH\\index.php', [], true)
 4 APPPATH\Controllers\Home.php(12): view('FCPATH\\index.php')
 5 SYSTEMPATH\CodeIgniter.php(927): App\Controllers\Home->index()
 6 SYSTEMPATH\CodeIgniter.php(482): CodeIgniter\CodeIgniter->runController(Object(App\Controllers\Home))
 7 SYSTEMPATH\CodeIgniter.php(351): CodeIgniter\CodeIgniter->handleRequest(null, Object(Config\Cache), false)
 8 FCPATH\index.php(67): CodeIgniter\CodeIgniter->run()
 9 SYSTEMPATH\Commands\Server\rewrite.php(46): require_once('FCPATH\\index.php')
CRITICAL - 2022-11-22 20:36:16 --> Object of class stdClass could not be converted to string
in APPPATH\Views\index.php on line 26.
 1 SYSTEMPATH\View\View.php(213): include()
 2 SYSTEMPATH\View\View.php(216): CodeIgniter\View\View->CodeIgniter\View\{closure}()
 3 SYSTEMPATH\Common.php(1134): CodeIgniter\View\View->render('FCPATH\\index.php', [], true)
 4 APPPATH\Controllers\Home.php(12): view('FCPATH\\index.php')
 5 SYSTEMPATH\CodeIgniter.php(927): App\Controllers\Home->index()
 6 SYSTEMPATH\CodeIgniter.php(482): CodeIgniter\CodeIgniter->runController(Object(App\Controllers\Home))
 7 SYSTEMPATH\CodeIgniter.php(351): CodeIgniter\CodeIgniter->handleRequest(null, Object(Config\Cache), false)
 8 FCPATH\index.php(67): CodeIgniter\CodeIgniter->run()
 9 SYSTEMPATH\Commands\Server\rewrite.php(46): require_once('FCPATH\\index.php')
CRITICAL - 2022-11-22 20:37:45 --> Cannot use object of type stdClass as array
in APPPATH\Views\index.php on line 26.
 1 SYSTEMPATH\View\View.php(213): include()
 2 SYSTEMPATH\View\View.php(216): CodeIgniter\View\View->CodeIgniter\View\{closure}()
 3 SYSTEMPATH\Common.php(1134): CodeIgniter\View\View->render('FCPATH\\index.php', [], true)
 4 APPPATH\Controllers\Home.php(12): view('FCPATH\\index.php')
 5 SYSTEMPATH\CodeIgniter.php(927): App\Controllers\Home->index()
 6 SYSTEMPATH\CodeIgniter.php(482): CodeIgniter\CodeIgniter->runController(Object(App\Controllers\Home))
 7 SYSTEMPATH\CodeIgniter.php(351): CodeIgniter\CodeIgniter->handleRequest(null, Object(Config\Cache), false)
 8 FCPATH\index.php(67): CodeIgniter\CodeIgniter->run()
 9 SYSTEMPATH\Commands\Server\rewrite.php(46): require_once('FCPATH\\index.php')
CRITICAL - 2022-11-22 20:39:05 --> Undefined property: stdClass::$stdClass
in APPPATH\Views\index.php on line 30.
 1 APPPATH\Views\index.php(30): CodeIgniter\Debug\Exceptions->errorHandler(2, 'Undefined property: stdClass::$stdClass', 'APPPATH\\Views\\index.php', 30)
 2 SYSTEMPATH\View\View.php(213): include('APPPATH\\Views\\index.php')
 3 SYSTEMPATH\View\View.php(216): CodeIgniter\View\View->CodeIgniter\View\{closure}()
 4 SYSTEMPATH\Common.php(1134): CodeIgniter\View\View->render('FCPATH\\index.php', [], true)
 5 APPPATH\Controllers\Home.php(12): view('FCPATH\\index.php')
 6 SYSTEMPATH\CodeIgniter.php(927): App\Controllers\Home->index()
 7 SYSTEMPATH\CodeIgniter.php(482): CodeIgniter\CodeIgniter->runController(Object(App\Controllers\Home))
 8 SYSTEMPATH\CodeIgniter.php(351): CodeIgniter\CodeIgniter->handleRequest(null, Object(Config\Cache), false)
 9 FCPATH\index.php(67): CodeIgniter\CodeIgniter->run()
10 SYSTEMPATH\Commands\Server\rewrite.php(46): require_once('FCPATH\\index.php')
CRITICAL - 2022-11-22 20:39:19 --> Cannot use object of type stdClass as array
in APPPATH\Views\index.php on line 30.
 1 SYSTEMPATH\View\View.php(213): include()
 2 SYSTEMPATH\View\View.php(216): CodeIgniter\View\View->CodeIgniter\View\{closure}()
 3 SYSTEMPATH\Common.php(1134): CodeIgniter\View\View->render('FCPATH\\index.php', [], true)
 4 APPPATH\Controllers\Home.php(12): view('FCPATH\\index.php')
 5 SYSTEMPATH\CodeIgniter.php(927): App\Controllers\Home->index()
 6 SYSTEMPATH\CodeIgniter.php(482): CodeIgniter\CodeIgniter->runController(Object(App\Controllers\Home))
 7 SYSTEMPATH\CodeIgniter.php(351): CodeIgniter\CodeIgniter->handleRequest(null, Object(Config\Cache), false)
 8 FCPATH\index.php(67): CodeIgniter\CodeIgniter->run()
 9 SYSTEMPATH\Commands\Server\rewrite.php(46): require_once('FCPATH\\index.php')
CRITICAL - 2022-11-22 20:39:26 --> Cannot use object of type stdClass as array
in APPPATH\Views\index.php on line 30.
 1 SYSTEMPATH\View\View.php(213): include()
 2 SYSTEMPATH\View\View.php(216): CodeIgniter\View\View->CodeIgniter\View\{closure}()
 3 SYSTEMPATH\Common.php(1134): CodeIgniter\View\View->render('FCPATH\\index.php', [], true)
 4 APPPATH\Controllers\Home.php(12): view('FCPATH\\index.php')
 5 SYSTEMPATH\CodeIgniter.php(927): App\Controllers\Home->index()
 6 SYSTEMPATH\CodeIgniter.php(482): CodeIgniter\CodeIgniter->runController(Object(App\Controllers\Home))
 7 SYSTEMPATH\CodeIgniter.php(351): CodeIgniter\CodeIgniter->handleRequest(null, Object(Config\Cache), false)
 8 FCPATH\index.php(67): CodeIgniter\CodeIgniter->run()
 9 SYSTEMPATH\Commands\Server\rewrite.php(46): require_once('FCPATH\\index.php')
CRITICAL - 2022-11-22 20:39:35 --> Cannot use object of type stdClass as array
in APPPATH\Views\index.php on line 30.
 1 SYSTEMPATH\View\View.php(213): include()
 2 SYSTEMPATH\View\View.php(216): CodeIgniter\View\View->CodeIgniter\View\{closure}()
 3 SYSTEMPATH\Common.php(1134): CodeIgniter\View\View->render('FCPATH\\index.php', [], true)
 4 APPPATH\Controllers\Home.php(12): view('FCPATH\\index.php')
 5 SYSTEMPATH\CodeIgniter.php(927): App\Controllers\Home->index()
 6 SYSTEMPATH\CodeIgniter.php(482): CodeIgniter\CodeIgniter->runController(Object(App\Controllers\Home))
 7 SYSTEMPATH\CodeIgniter.php(351): CodeIgniter\CodeIgniter->handleRequest(null, Object(Config\Cache), false)
 8 FCPATH\index.php(67): CodeIgniter\CodeIgniter->run()
 9 SYSTEMPATH\Commands\Server\rewrite.php(46): require_once('FCPATH\\index.php')
CRITICAL - 2022-11-22 23:21:45 --> file_get_contents(): php_network_getaddresses: getaddrinfo for https failed: No such host is known. 
in APPPATH\Views\index.php on line 50.
 1 [internal function]: CodeIgniter\Debug\Exceptions->errorHandler(2, 'file_get_contents(): php_network_getaddresses: getaddrinfo for https failed: No such host is known. ', 'APPPATH\\Views\\index.php', 50)
 2 APPPATH\Views\index.php(50): file_get_contents('https://https://yogandiagus41.github.io/api-wilayah-indonesia/api/regencies/11.json')
 3 SYSTEMPATH\View\View.php(213): include('APPPATH\\Views\\index.php')
 4 SYSTEMPATH\View\View.php(216): CodeIgniter\View\View->CodeIgniter\View\{closure}()
 5 SYSTEMPATH\Common.php(1134): CodeIgniter\View\View->render('FCPATH\\index.php', [], true)
 6 APPPATH\Controllers\Home.php(54): view('FCPATH\\index.php')
 7 SYSTEMPATH\CodeIgniter.php(927): App\Controllers\Home->index()
 8 SYSTEMPATH\CodeIgniter.php(482): CodeIgniter\CodeIgniter->runController(Object(App\Controllers\Home))
 9 SYSTEMPATH\CodeIgniter.php(351): CodeIgniter\CodeIgniter->handleRequest(null, Object(Config\Cache), false)
10 FCPATH\index.php(67): CodeIgniter\CodeIgniter->run()
11 SYSTEMPATH\Commands\Server\rewrite.php(46): require_once('FCPATH\\index.php')
