CRITICAL - 2022-11-23 02:26:20 --> Undefined variable $List_province
in APPPATH\Views\Composer\Composer_index.php on line 119.
 1 APPPATH\Views\Composer\Composer_index.php(119): CodeIgniter\Debug\Exceptions->errorHandler(2, 'Undefined variable $List_province', 'APPPATH\\Views\\Composer\\Composer_index.php', 119)
 2 SYSTEMPATH\View\View.php(213): include('APPPATH\\Views\\Composer\\Composer_index.php')
 3 SYSTEMPATH\View\View.php(216): CodeIgniter\View\View->CodeIgniter\View\{closure}()
 4 SYSTEMPATH\Common.php(1134): CodeIgniter\View\View->render('Composer/Composer_index.php', [], true)
 5 APPPATH\Controllers\Composer.php(36): view('Composer/Composer_index.php', [...])
 6 SYSTEMPATH\CodeIgniter.php(927): App\Controllers\Composer->index()
 7 SYSTEMPATH\CodeIgniter.php(482): CodeIgniter\CodeIgniter->runController(Object(App\Controllers\Composer))
 8 SYSTEMPATH\CodeIgniter.php(351): CodeIgniter\CodeIgniter->handleRequest(null, Object(Config\Cache), false)
 9 FCPATH\index.php(67): CodeIgniter\CodeIgniter->run()
10 SYSTEMPATH\Commands\Server\rewrite.php(46): require_once('FCPATH\\index.php')
CRITICAL - 2022-11-23 03:24:00 --> Undefined array key "Number"
in APPPATH\Views\Composer\Composer_detail.php on line 97.
 1 APPPATH\Views\Composer\Composer_detail.php(97): CodeIgniter\Debug\Exceptions->errorHandler(2, 'Undefined array key "Number"', 'APPPATH\\Views\\Composer\\Composer_detail.php', 97)
 2 SYSTEMPATH\View\View.php(213): include('APPPATH\\Views\\Composer\\Composer_detail.php')
 3 SYSTEMPATH\View\View.php(216): CodeIgniter\View\View->CodeIgniter\View\{closure}()
 4 SYSTEMPATH\Common.php(1134): CodeIgniter\View\View->render('Composer/Composer_detail.php', [], true)
 5 APPPATH\Controllers\Composer.php(206): view('Composer/Composer_detail.php', [...])
 6 SYSTEMPATH\CodeIgniter.php(927): App\Controllers\Composer->Detail_data_composer('KCP-CPS-6')
 7 SYSTEMPATH\CodeIgniter.php(482): CodeIgniter\CodeIgniter->runController(Object(App\Controllers\Composer))
 8 SYSTEMPATH\CodeIgniter.php(351): CodeIgniter\CodeIgniter->handleRequest(null, Object(Config\Cache), false)
 9 FCPATH\index.php(67): CodeIgniter\CodeIgniter->run()
10 SYSTEMPATH\Commands\Server\rewrite.php(46): require_once('FCPATH\\index.php')
CRITICAL - 2022-11-23 03:24:12 --> Undefined array key "Number"
in APPPATH\Views\Composer\Composer_detail.php on line 97.
 1 APPPATH\Views\Composer\Composer_detail.php(97): CodeIgniter\Debug\Exceptions->errorHandler(2, 'Undefined array key "Number"', 'APPPATH\\Views\\Composer\\Composer_detail.php', 97)
 2 SYSTEMPATH\View\View.php(213): include('APPPATH\\Views\\Composer\\Composer_detail.php')
 3 SYSTEMPATH\View\View.php(216): CodeIgniter\View\View->CodeIgniter\View\{closure}()
 4 SYSTEMPATH\Common.php(1134): CodeIgniter\View\View->render('Composer/Composer_detail.php', [], true)
 5 APPPATH\Controllers\Composer.php(206): view('Composer/Composer_detail.php', [...])
 6 SYSTEMPATH\CodeIgniter.php(927): App\Controllers\Composer->Detail_data_composer('KCP-CPS-6')
 7 SYSTEMPATH\CodeIgniter.php(482): CodeIgniter\CodeIgniter->runController(Object(App\Controllers\Composer))
 8 SYSTEMPATH\CodeIgniter.php(351): CodeIgniter\CodeIgniter->handleRequest(null, Object(Config\Cache), false)
 9 FCPATH\index.php(67): CodeIgniter\CodeIgniter->run()
10 SYSTEMPATH\Commands\Server\rewrite.php(46): require_once('FCPATH\\index.php')
CRITICAL - 2022-11-23 03:25:59 --> Cannot access offset of type string on string
in APPPATH\Controllers\Composer.php on line 207.
 1 SYSTEMPATH\CodeIgniter.php(927): App\Controllers\Composer->Detail_data_composer('KCP-CPS-6')
 2 SYSTEMPATH\CodeIgniter.php(482): CodeIgniter\CodeIgniter->runController(Object(App\Controllers\Composer))
 3 SYSTEMPATH\CodeIgniter.php(351): CodeIgniter\CodeIgniter->handleRequest(null, Object(Config\Cache), false)
 4 FCPATH\index.php(67): CodeIgniter\CodeIgniter->run()
 5 SYSTEMPATH\Commands\Server\rewrite.php(46): require_once('FCPATH\\index.php')
CRITICAL - 2022-11-23 03:26:25 --> foreach() argument must be of type array|object, string given
in APPPATH\Controllers\Composer.php on line 207.
 1 APPPATH\Controllers\Composer.php(207): CodeIgniter\Debug\Exceptions->errorHandler(2, 'foreach() argument must be of type array|object, string given', 'APPPATH\\Controllers\\Composer.php', 207)
 2 SYSTEMPATH\CodeIgniter.php(927): App\Controllers\Composer->Detail_data_composer('KCP-CPS-6')
 3 SYSTEMPATH\CodeIgniter.php(482): CodeIgniter\CodeIgniter->runController(Object(App\Controllers\Composer))
 4 SYSTEMPATH\CodeIgniter.php(351): CodeIgniter\CodeIgniter->handleRequest(null, Object(Config\Cache), false)
 5 FCPATH\index.php(67): CodeIgniter\CodeIgniter->run()
 6 SYSTEMPATH\Commands\Server\rewrite.php(46): require_once('FCPATH\\index.php')
CRITICAL - 2022-11-23 03:26:26 --> foreach() argument must be of type array|object, string given
in APPPATH\Controllers\Composer.php on line 207.
 1 APPPATH\Controllers\Composer.php(207): CodeIgniter\Debug\Exceptions->errorHandler(2, 'foreach() argument must be of type array|object, string given', 'APPPATH\\Controllers\\Composer.php', 207)
 2 SYSTEMPATH\CodeIgniter.php(927): App\Controllers\Composer->Detail_data_composer('KCP-CPS-6')
 3 SYSTEMPATH\CodeIgniter.php(482): CodeIgniter\CodeIgniter->runController(Object(App\Controllers\Composer))
 4 SYSTEMPATH\CodeIgniter.php(351): CodeIgniter\CodeIgniter->handleRequest(null, Object(Config\Cache), false)
 5 FCPATH\index.php(67): CodeIgniter\CodeIgniter->run()
 6 SYSTEMPATH\Commands\Server\rewrite.php(46): require_once('FCPATH\\index.php')
CRITICAL - 2022-11-23 03:26:26 --> foreach() argument must be of type array|object, string given
in APPPATH\Controllers\Composer.php on line 207.
 1 APPPATH\Controllers\Composer.php(207): CodeIgniter\Debug\Exceptions->errorHandler(2, 'foreach() argument must be of type array|object, string given', 'APPPATH\\Controllers\\Composer.php', 207)
 2 SYSTEMPATH\CodeIgniter.php(927): App\Controllers\Composer->Detail_data_composer('KCP-CPS-6')
 3 SYSTEMPATH\CodeIgniter.php(482): CodeIgniter\CodeIgniter->runController(Object(App\Controllers\Composer))
 4 SYSTEMPATH\CodeIgniter.php(351): CodeIgniter\CodeIgniter->handleRequest(null, Object(Config\Cache), false)
 5 FCPATH\index.php(67): CodeIgniter\CodeIgniter->run()
 6 SYSTEMPATH\Commands\Server\rewrite.php(46): require_once('FCPATH\\index.php')
CRITICAL - 2022-11-23 03:26:45 --> foreach() argument must be of type array|object, string given
in APPPATH\Controllers\Composer.php on line 207.
 1 APPPATH\Controllers\Composer.php(207): CodeIgniter\Debug\Exceptions->errorHandler(2, 'foreach() argument must be of type array|object, string given', 'APPPATH\\Controllers\\Composer.php', 207)
 2 SYSTEMPATH\CodeIgniter.php(927): App\Controllers\Composer->Detail_data_composer('KCP-CPS-6')
 3 SYSTEMPATH\CodeIgniter.php(482): CodeIgniter\CodeIgniter->runController(Object(App\Controllers\Composer))
 4 SYSTEMPATH\CodeIgniter.php(351): CodeIgniter\CodeIgniter->handleRequest(null, Object(Config\Cache), false)
 5 FCPATH\index.php(67): CodeIgniter\CodeIgniter->run()
 6 SYSTEMPATH\Commands\Server\rewrite.php(46): require_once('FCPATH\\index.php')
CRITICAL - 2022-11-23 03:28:16 --> Cannot access offset of type string on string
in APPPATH\Views\Composer\Composer_detail.php on line 97.
 1 SYSTEMPATH\View\View.php(213): include()
 2 SYSTEMPATH\View\View.php(216): CodeIgniter\View\View->CodeIgniter\View\{closure}()
 3 SYSTEMPATH\Common.php(1134): CodeIgniter\View\View->render('Composer/Composer_detail.php', [], true)
 4 APPPATH\Controllers\Composer.php(207): view('Composer/Composer_detail.php', [...])
 5 SYSTEMPATH\CodeIgniter.php(927): App\Controllers\Composer->Detail_data_composer('KCP-CPS-6')
 6 SYSTEMPATH\CodeIgniter.php(482): CodeIgniter\CodeIgniter->runController(Object(App\Controllers\Composer))
 7 SYSTEMPATH\CodeIgniter.php(351): CodeIgniter\CodeIgniter->handleRequest(null, Object(Config\Cache), false)
 8 FCPATH\index.php(67): CodeIgniter\CodeIgniter->run()
 9 SYSTEMPATH\Commands\Server\rewrite.php(46): require_once('FCPATH\\index.php')
CRITICAL - 2022-11-23 03:28:41 --> Undefined array key "Number"
in APPPATH\Views\Composer\Composer_detail.php on line 97.
 1 APPPATH\Views\Composer\Composer_detail.php(97): CodeIgniter\Debug\Exceptions->errorHandler(2, 'Undefined array key "Number"', 'APPPATH\\Views\\Composer\\Composer_detail.php', 97)
 2 SYSTEMPATH\View\View.php(213): include('APPPATH\\Views\\Composer\\Composer_detail.php')
 3 SYSTEMPATH\View\View.php(216): CodeIgniter\View\View->CodeIgniter\View\{closure}()
 4 SYSTEMPATH\Common.php(1134): CodeIgniter\View\View->render('Composer/Composer_detail.php', [], true)
 5 APPPATH\Controllers\Composer.php(207): view('Composer/Composer_detail.php', [...])
 6 SYSTEMPATH\CodeIgniter.php(927): App\Controllers\Composer->Detail_data_composer('KCP-CPS-6')
 7 SYSTEMPATH\CodeIgniter.php(482): CodeIgniter\CodeIgniter->runController(Object(App\Controllers\Composer))
 8 SYSTEMPATH\CodeIgniter.php(351): CodeIgniter\CodeIgniter->handleRequest(null, Object(Config\Cache), false)
 9 FCPATH\index.php(67): CodeIgniter\CodeIgniter->run()
10 SYSTEMPATH\Commands\Server\rewrite.php(46): require_once('FCPATH\\index.php')
CRITICAL - 2022-11-23 03:29:11 --> Undefined array key "phone"
in APPPATH\Controllers\Composer.php on line 206.
 1 APPPATH\Controllers\Composer.php(206): CodeIgniter\Debug\Exceptions->errorHandler(2, 'Undefined array key "phone"', 'APPPATH\\Controllers\\Composer.php', 206)
 2 SYSTEMPATH\CodeIgniter.php(927): App\Controllers\Composer->Detail_data_composer('KCP-CPS-6')
 3 SYSTEMPATH\CodeIgniter.php(482): CodeIgniter\CodeIgniter->runController(Object(App\Controllers\Composer))
 4 SYSTEMPATH\CodeIgniter.php(351): CodeIgniter\CodeIgniter->handleRequest(null, Object(Config\Cache), false)
 5 FCPATH\index.php(67): CodeIgniter\CodeIgniter->run()
 6 SYSTEMPATH\Commands\Server\rewrite.php(46): require_once('FCPATH\\index.php')
CRITICAL - 2022-11-23 03:29:54 --> Array to string conversion
in APPPATH\Controllers\Composer.php on line 207.
 1 APPPATH\Controllers\Composer.php(207): CodeIgniter\Debug\Exceptions->errorHandler(2, 'Array to string conversion', 'APPPATH\\Controllers\\Composer.php', 207)
 2 SYSTEMPATH\CodeIgniter.php(927): App\Controllers\Composer->Detail_data_composer('KCP-CPS-6')
 3 SYSTEMPATH\CodeIgniter.php(482): CodeIgniter\CodeIgniter->runController(Object(App\Controllers\Composer))
 4 SYSTEMPATH\CodeIgniter.php(351): CodeIgniter\CodeIgniter->handleRequest(null, Object(Config\Cache), false)
 5 FCPATH\index.php(67): CodeIgniter\CodeIgniter->run()
 6 SYSTEMPATH\Commands\Server\rewrite.php(46): require_once('FCPATH\\index.php')
CRITICAL - 2022-11-23 03:30:44 --> Undefined array key "Number"
in APPPATH\Controllers\Composer.php on line 207.
 1 APPPATH\Controllers\Composer.php(207): CodeIgniter\Debug\Exceptions->errorHandler(2, 'Undefined array key "Number"', 'APPPATH\\Controllers\\Composer.php', 207)
 2 SYSTEMPATH\CodeIgniter.php(927): App\Controllers\Composer->Detail_data_composer('KCP-CPS-6')
 3 SYSTEMPATH\CodeIgniter.php(482): CodeIgniter\CodeIgniter->runController(Object(App\Controllers\Composer))
 4 SYSTEMPATH\CodeIgniter.php(351): CodeIgniter\CodeIgniter->handleRequest(null, Object(Config\Cache), false)
 5 FCPATH\index.php(67): CodeIgniter\CodeIgniter->run()
 6 SYSTEMPATH\Commands\Server\rewrite.php(46): require_once('FCPATH\\index.php')
CRITICAL - 2022-11-23 03:31:28 --> Undefined array key 1
in APPPATH\Controllers\Composer.php on line 208.
 1 APPPATH\Controllers\Composer.php(208): CodeIgniter\Debug\Exceptions->errorHandler(2, 'Undefined array key 1', 'APPPATH\\Controllers\\Composer.php', 208)
 2 SYSTEMPATH\CodeIgniter.php(927): App\Controllers\Composer->Detail_data_composer('KCP-CPS-6')
 3 SYSTEMPATH\CodeIgniter.php(482): CodeIgniter\CodeIgniter->runController(Object(App\Controllers\Composer))
 4 SYSTEMPATH\CodeIgniter.php(351): CodeIgniter\CodeIgniter->handleRequest(null, Object(Config\Cache), false)
 5 FCPATH\index.php(67): CodeIgniter\CodeIgniter->run()
 6 SYSTEMPATH\Commands\Server\rewrite.php(46): require_once('FCPATH\\index.php')
CRITICAL - 2022-11-23 03:31:37 --> Undefined array key 1
in APPPATH\Controllers\Composer.php on line 208.
 1 APPPATH\Controllers\Composer.php(208): CodeIgniter\Debug\Exceptions->errorHandler(2, 'Undefined array key 1', 'APPPATH\\Controllers\\Composer.php', 208)
 2 SYSTEMPATH\CodeIgniter.php(927): App\Controllers\Composer->Detail_data_composer('KCP-CPS-6')
 3 SYSTEMPATH\CodeIgniter.php(482): CodeIgniter\CodeIgniter->runController(Object(App\Controllers\Composer))
 4 SYSTEMPATH\CodeIgniter.php(351): CodeIgniter\CodeIgniter->handleRequest(null, Object(Config\Cache), false)
 5 FCPATH\index.php(67): CodeIgniter\CodeIgniter->run()
 6 SYSTEMPATH\Commands\Server\rewrite.php(46): require_once('FCPATH\\index.php')
CRITICAL - 2022-11-23 03:31:38 --> Undefined array key 1
in APPPATH\Controllers\Composer.php on line 208.
 1 APPPATH\Controllers\Composer.php(208): CodeIgniter\Debug\Exceptions->errorHandler(2, 'Undefined array key 1', 'APPPATH\\Controllers\\Composer.php', 208)
 2 SYSTEMPATH\CodeIgniter.php(927): App\Controllers\Composer->Detail_data_composer('KCP-CPS-6')
 3 SYSTEMPATH\CodeIgniter.php(482): CodeIgniter\CodeIgniter->runController(Object(App\Controllers\Composer))
 4 SYSTEMPATH\CodeIgniter.php(351): CodeIgniter\CodeIgniter->handleRequest(null, Object(Config\Cache), false)
 5 FCPATH\index.php(67): CodeIgniter\CodeIgniter->run()
 6 SYSTEMPATH\Commands\Server\rewrite.php(46): require_once('FCPATH\\index.php')
CRITICAL - 2022-11-23 20:32:22 --> Undefined variable $Data
in APPPATH\Views\Composer\Composer_detail.php on line 9.
 1 APPPATH\Views\Composer\Composer_detail.php(9): CodeIgniter\Debug\Exceptions->errorHandler(2, 'Undefined variable $Data', 'APPPATH\\Views\\Composer\\Composer_detail.php', 9)
 2 SYSTEMPATH\View\View.php(213): include('APPPATH\\Views\\Composer\\Composer_detail.php')
 3 SYSTEMPATH\View\View.php(216): CodeIgniter\View\View->CodeIgniter\View\{closure}()
 4 SYSTEMPATH\Common.php(1134): CodeIgniter\View\View->render('Composer/Composer_detail.php', [], true)
 5 APPPATH\Controllers\Composer.php(206): view('Composer/Composer_detail.php', [...])
 6 SYSTEMPATH\CodeIgniter.php(927): App\Controllers\Composer->Detail_data_composer('KCP-CPS-5')
 7 SYSTEMPATH\CodeIgniter.php(482): CodeIgniter\CodeIgniter->runController(Object(App\Controllers\Composer))
 8 SYSTEMPATH\CodeIgniter.php(351): CodeIgniter\CodeIgniter->handleRequest(null, Object(Config\Cache), false)
 9 FCPATH\index.php(67): CodeIgniter\CodeIgniter->run()
10 SYSTEMPATH\Commands\Server\rewrite.php(46): require_once('FCPATH\\index.php')
ERROR - 2022-11-23 21:42:03 --> mysqli_sql_exception: You have an error in your SQL syntax; check the manual that corresponds to your MariaDB server version for the right syntax to use near '('KCP-CPS-5','update name 1','asdas,dasdasd a12sdasdasd','M', '0000-00-00','a...' at line 1 in C:\xampp\htdocs\JMM-PROJECT-KCP\system\Database\MySQLi\Connection.php:292
Stack trace:
#0 C:\xampp\htdocs\JMM-PROJECT-KCP\system\Database\MySQLi\Connection.php(292): mysqli->query('Update tb_compo...', 0)
#1 C:\xampp\htdocs\JMM-PROJECT-KCP\system\Database\BaseConnection.php(666): CodeIgniter\Database\MySQLi\Connection->execute('Update tb_compo...')
#2 C:\xampp\htdocs\JMM-PROJECT-KCP\system\Database\BaseConnection.php(593): CodeIgniter\Database\BaseConnection->simpleQuery('Update tb_compo...')
#3 C:\xampp\htdocs\JMM-PROJECT-KCP\app\Controllers\Composer.php(317): CodeIgniter\Database\BaseConnection->query('Update tb_compo...')
#4 C:\xampp\htdocs\JMM-PROJECT-KCP\system\CodeIgniter.php(927): App\Controllers\Composer->Update_data_composer('KCP-CPS-5')
#5 C:\xampp\htdocs\JMM-PROJECT-KCP\system\CodeIgniter.php(482): CodeIgniter\CodeIgniter->runController(Object(App\Controllers\Composer))
#6 C:\xampp\htdocs\JMM-PROJECT-KCP\system\CodeIgniter.php(351): CodeIgniter\CodeIgniter->handleRequest(NULL, Object(Config\Cache), false)
#7 C:\xampp\htdocs\JMM-PROJECT-KCP\public\index.php(67): CodeIgniter\CodeIgniter->run()
#8 C:\xampp\htdocs\JMM-PROJECT-KCP\system\Commands\Server\rewrite.php(46): require_once('C:\\xampp\\htdocs...')
#9 {main}
CRITICAL - 2022-11-23 21:42:03 --> You have an error in your SQL syntax; check the manual that corresponds to your MariaDB server version for the right syntax to use near '('KCP-CPS-5','update name 1','asdas,dasdasd a12sdasdasd','M', '0000-00-00','a...' at line 1
in SYSTEMPATH\Database\MySQLi\Connection.php on line 292.
 1 SYSTEMPATH\Database\MySQLi\Connection.php(292): mysqli->query('Update tb_composer set (\'KCP-CPS-5\',\'update name 1\',\'asdas,dasdasd a12sdasdasd\',\'M\', \'0000-00-00\',\'asdas\',\'dasdasd\',\'KOTA BANDA ACEH\', \'Indonesia\', \'12312\', \'123123123,1231\',\'asdasdasd 12asd,asdasdasd\', \'123123,123123\',\'asdasd 12asdasd,asdasd \',\'asdasdasd\',\'asdasdasd@asdasd.com\',\'123123\', \'123123\', \'123123123\',\'BCA\',\'asdasdasd\', \'123121\', \'\',\'asdasd\',\'asdasd\',\'KCP-PLS-1\',\'KCP-PLS-1\',\'2692078627_2.jpg\',\'Actived\') where ID_COMPOSER = \'KCP-CPS-5\' ', 0)
 2 SYSTEMPATH\Database\BaseConnection.php(666): CodeIgniter\Database\MySQLi\Connection->execute('Update tb_composer set (\'KCP-CPS-5\',\'update name 1\',\'asdas,dasdasd a12sdasdasd\',\'M\', \'0000-00-00\',\'asdas\',\'dasdasd\',\'KOTA BANDA ACEH\', \'Indonesia\', \'12312\', \'123123123,1231\',\'asdasdasd 12asd,asdasdasd\', \'123123,123123\',\'asdasd 12asdasd,asdasd \',\'asdasdasd\',\'asdasdasd@asdasd.com\',\'123123\', \'123123\', \'123123123\',\'BCA\',\'asdasdasd\', \'123121\', \'\',\'asdasd\',\'asdasd\',\'KCP-PLS-1\',\'KCP-PLS-1\',\'2692078627_2.jpg\',\'Actived\') where ID_COMPOSER = \'KCP-CPS-5\' ')
 3 SYSTEMPATH\Database\BaseConnection.php(593): CodeIgniter\Database\BaseConnection->simpleQuery('Update tb_composer set (\'KCP-CPS-5\',\'update name 1\',\'asdas,dasdasd a12sdasdasd\',\'M\', \'0000-00-00\',\'asdas\',\'dasdasd\',\'KOTA BANDA ACEH\', \'Indonesia\', \'12312\', \'123123123,1231\',\'asdasdasd 12asd,asdasdasd\', \'123123,123123\',\'asdasd 12asdasd,asdasd \',\'asdasdasd\',\'asdasdasd@asdasd.com\',\'123123\', \'123123\', \'123123123\',\'BCA\',\'asdasdasd\', \'123121\', \'\',\'asdasd\',\'asdasd\',\'KCP-PLS-1\',\'KCP-PLS-1\',\'2692078627_2.jpg\',\'Actived\') where ID_COMPOSER = \'KCP-CPS-5\' ')
 4 APPPATH\Controllers\Composer.php(317): CodeIgniter\Database\BaseConnection->query('Update tb_composer set (\'KCP-CPS-5\',\'update name 1\',\'asdas,dasdasd a12sdasdasd\',\'M\', \'0000-00-00\',\'asdas\',\'dasdasd\',\'KOTA BANDA ACEH\', \'Indonesia\', \'12312\', \'123123123,1231\',\'asdasdasd 12asd,asdasdasd\', \'123123,123123\',\'asdasd 12asdasd,asdasd \',\'asdasdasd\',\'asdasdasd@asdasd.com\',\'123123\', \'123123\', \'123123123\',\'BCA\',\'asdasdasd\', \'123121\', \'\',\'asdasd\',\'asdasd\',\'KCP-PLS-1\',\'KCP-PLS-1\',\'2692078627_2.jpg\',\'Actived\') where ID_COMPOSER = \'KCP-CPS-5\' ')
 5 SYSTEMPATH\CodeIgniter.php(927): App\Controllers\Composer->Update_data_composer('KCP-CPS-5')
 6 SYSTEMPATH\CodeIgniter.php(482): CodeIgniter\CodeIgniter->runController(Object(App\Controllers\Composer))
 7 SYSTEMPATH\CodeIgniter.php(351): CodeIgniter\CodeIgniter->handleRequest(null, Object(Config\Cache), false)
 8 FCPATH\index.php(67): CodeIgniter\CodeIgniter->run()
 9 SYSTEMPATH\Commands\Server\rewrite.php(46): require_once('FCPATH\\index.php')
CRITICAL - 2022-11-23 21:54:22 --> Undefined array key "Number"
in APPPATH\Controllers\Composer.php on line 205.
 1 APPPATH\Controllers\Composer.php(205): CodeIgniter\Debug\Exceptions->errorHandler(2, 'Undefined array key "Number"', 'APPPATH\\Controllers\\Composer.php', 205)
 2 SYSTEMPATH\CodeIgniter.php(927): App\Controllers\Composer->Detail_data_composer('KCP-CPS-5')
 3 SYSTEMPATH\CodeIgniter.php(482): CodeIgniter\CodeIgniter->runController(Object(App\Controllers\Composer))
 4 SYSTEMPATH\CodeIgniter.php(351): CodeIgniter\CodeIgniter->handleRequest(null, Object(Config\Cache), false)
 5 FCPATH\index.php(67): CodeIgniter\CodeIgniter->run()
 6 SYSTEMPATH\Commands\Server\rewrite.php(46): require_once('FCPATH\\index.php')
CRITICAL - 2022-11-23 21:54:31 --> Undefined array key 1
in APPPATH\Controllers\Composer.php on line 205.
 1 APPPATH\Controllers\Composer.php(205): CodeIgniter\Debug\Exceptions->errorHandler(2, 'Undefined array key 1', 'APPPATH\\Controllers\\Composer.php', 205)
 2 SYSTEMPATH\CodeIgniter.php(927): App\Controllers\Composer->Detail_data_composer('KCP-CPS-5')
 3 SYSTEMPATH\CodeIgniter.php(482): CodeIgniter\CodeIgniter->runController(Object(App\Controllers\Composer))
 4 SYSTEMPATH\CodeIgniter.php(351): CodeIgniter\CodeIgniter->handleRequest(null, Object(Config\Cache), false)
 5 FCPATH\index.php(67): CodeIgniter\CodeIgniter->run()
 6 SYSTEMPATH\Commands\Server\rewrite.php(46): require_once('FCPATH\\index.php')
CRITICAL - 2022-11-23 21:59:38 --> Undefined array key 1
in APPPATH\Controllers\Composer.php on line 211.
 1 APPPATH\Controllers\Composer.php(211): CodeIgniter\Debug\Exceptions->errorHandler(2, 'Undefined array key 1', 'APPPATH\\Controllers\\Composer.php', 211)
 2 SYSTEMPATH\CodeIgniter.php(927): App\Controllers\Composer->Detail_data_composer('KCP-CPS-5')
 3 SYSTEMPATH\CodeIgniter.php(482): CodeIgniter\CodeIgniter->runController(Object(App\Controllers\Composer))
 4 SYSTEMPATH\CodeIgniter.php(351): CodeIgniter\CodeIgniter->handleRequest(null, Object(Config\Cache), false)
 5 FCPATH\index.php(67): CodeIgniter\CodeIgniter->run()
 6 SYSTEMPATH\Commands\Server\rewrite.php(46): require_once('FCPATH\\index.php')
CRITICAL - 2022-11-23 22:05:27 --> Array to string conversion
in APPPATH\Views\Composer\Composer_detail.php on line 9.
 1 APPPATH\Views\Composer\Composer_detail.php(9): CodeIgniter\Debug\Exceptions->errorHandler(2, 'Array to string conversion', 'APPPATH\\Views\\Composer\\Composer_detail.php', 9)
 2 SYSTEMPATH\View\View.php(213): include('APPPATH\\Views\\Composer\\Composer_detail.php')
 3 SYSTEMPATH\View\View.php(216): CodeIgniter\View\View->CodeIgniter\View\{closure}()
 4 SYSTEMPATH\Common.php(1134): CodeIgniter\View\View->render('Composer/Composer_detail.php', [], true)
 5 APPPATH\Controllers\Composer.php(206): view('Composer/Composer_detail.php', [...])
 6 SYSTEMPATH\CodeIgniter.php(927): App\Controllers\Composer->Detail_data_composer('KCP-CPS-5')
 7 SYSTEMPATH\CodeIgniter.php(482): CodeIgniter\CodeIgniter->runController(Object(App\Controllers\Composer))
 8 SYSTEMPATH\CodeIgniter.php(351): CodeIgniter\CodeIgniter->handleRequest(null, Object(Config\Cache), false)
 9 FCPATH\index.php(67): CodeIgniter\CodeIgniter->run()
10 SYSTEMPATH\Commands\Server\rewrite.php(46): require_once('FCPATH\\index.php')
CRITICAL - 2022-11-23 22:45:04 --> Array to string conversion
in APPPATH\Controllers\Publishing.php on line 107.
 1 APPPATH\Controllers\Publishing.php(107): CodeIgniter\Debug\Exceptions->errorHandler(2, 'Array to string conversion', 'APPPATH\\Controllers\\Publishing.php', 107)
 2 SYSTEMPATH\CodeIgniter.php(927): App\Controllers\Publishing->Create_data_publishing()
 3 SYSTEMPATH\CodeIgniter.php(482): CodeIgniter\CodeIgniter->runController(Object(App\Controllers\Publishing))
 4 SYSTEMPATH\CodeIgniter.php(351): CodeIgniter\CodeIgniter->handleRequest(null, Object(Config\Cache), false)
 5 FCPATH\index.php(67): CodeIgniter\CodeIgniter->run()
 6 SYSTEMPATH\Commands\Server\rewrite.php(46): require_once('FCPATH\\index.php')
CRITICAL - 2022-11-23 22:46:34 --> Array to string conversion
in APPPATH\Controllers\Publishing.php on line 107.
 1 APPPATH\Controllers\Publishing.php(107): CodeIgniter\Debug\Exceptions->errorHandler(2, 'Array to string conversion', 'APPPATH\\Controllers\\Publishing.php', 107)
 2 SYSTEMPATH\CodeIgniter.php(927): App\Controllers\Publishing->Create_data_publishing()
 3 SYSTEMPATH\CodeIgniter.php(482): CodeIgniter\CodeIgniter->runController(Object(App\Controllers\Publishing))
 4 SYSTEMPATH\CodeIgniter.php(351): CodeIgniter\CodeIgniter->handleRequest(null, Object(Config\Cache), false)
 5 FCPATH\index.php(67): CodeIgniter\CodeIgniter->run()
 6 SYSTEMPATH\Commands\Server\rewrite.php(46): require_once('FCPATH\\index.php')
CRITICAL - 2022-11-23 22:48:50 --> explode(): Argument #2 ($string) must be of type string, array given
in APPPATH\Controllers\Publishing.php on line 42.
 1 APPPATH\Controllers\Publishing.php(42): explode(',', [...])
 2 SYSTEMPATH\CodeIgniter.php(927): App\Controllers\Publishing->Create_data_publishing()
 3 SYSTEMPATH\CodeIgniter.php(482): CodeIgniter\CodeIgniter->runController(Object(App\Controllers\Publishing))
 4 SYSTEMPATH\CodeIgniter.php(351): CodeIgniter\CodeIgniter->handleRequest(null, Object(Config\Cache), false)
 5 FCPATH\index.php(67): CodeIgniter\CodeIgniter->run()
 6 SYSTEMPATH\Commands\Server\rewrite.php(46): require_once('FCPATH\\index.php')
CRITICAL - 2022-11-23 22:51:45 --> explode(): Argument #2 ($string) must be of type string, array given
in APPPATH\Controllers\Publishing.php on line 42.
 1 APPPATH\Controllers\Publishing.php(42): explode(',', [...])
 2 SYSTEMPATH\CodeIgniter.php(927): App\Controllers\Publishing->Create_data_publishing()
 3 SYSTEMPATH\CodeIgniter.php(482): CodeIgniter\CodeIgniter->runController(Object(App\Controllers\Publishing))
 4 SYSTEMPATH\CodeIgniter.php(351): CodeIgniter\CodeIgniter->handleRequest(null, Object(Config\Cache), false)
 5 FCPATH\index.php(67): CodeIgniter\CodeIgniter->run()
 6 SYSTEMPATH\Commands\Server\rewrite.php(46): require_once('FCPATH\\index.php')
CRITICAL - 2022-11-23 23:54:38 --> Unmatched '}'
in APPPATH\Views\Publishing\Publishing_detail.php on line 194.
 1 SYSTEMPATH\View\View.php(216): CodeIgniter\View\View->CodeIgniter\View\{closure}()
 2 SYSTEMPATH\Common.php(1134): CodeIgniter\View\View->render('Publishing/Publishing_detail', [], true)
 3 APPPATH\Controllers\Publishing.php(119): view('Publishing/Publishing_detail', [...])
 4 SYSTEMPATH\CodeIgniter.php(927): App\Controllers\Publishing->Detail_data_publishing('KCP-PLS-3')
 5 SYSTEMPATH\CodeIgniter.php(482): CodeIgniter\CodeIgniter->runController(Object(App\Controllers\Publishing))
 6 SYSTEMPATH\CodeIgniter.php(351): CodeIgniter\CodeIgniter->handleRequest(null, Object(Config\Cache), false)
 7 FCPATH\index.php(67): CodeIgniter\CodeIgniter->run()
 8 SYSTEMPATH\Commands\Server\rewrite.php(46): require_once('FCPATH\\index.php')
CRITICAL - 2022-11-23 23:55:12 --> Undefined variable $Last_id_publishing
in APPPATH\Views\Publishing\Publishing_detail.php on line 14.
 1 APPPATH\Views\Publishing\Publishing_detail.php(14): CodeIgniter\Debug\Exceptions->errorHandler(2, 'Undefined variable $Last_id_publishing', 'APPPATH\\Views\\Publishing\\Publishing_detail.php', 14)
 2 SYSTEMPATH\View\View.php(213): include('APPPATH\\Views\\Publishing\\Publishing_detail.php')
 3 SYSTEMPATH\View\View.php(216): CodeIgniter\View\View->CodeIgniter\View\{closure}()
 4 SYSTEMPATH\Common.php(1134): CodeIgniter\View\View->render('Publishing/Publishing_detail', [], true)
 5 APPPATH\Controllers\Publishing.php(119): view('Publishing/Publishing_detail', [...])
 6 SYSTEMPATH\CodeIgniter.php(927): App\Controllers\Publishing->Detail_data_publishing('KCP-PLS-3')
 7 SYSTEMPATH\CodeIgniter.php(482): CodeIgniter\CodeIgniter->runController(Object(App\Controllers\Publishing))
 8 SYSTEMPATH\CodeIgniter.php(351): CodeIgniter\CodeIgniter->handleRequest(null, Object(Config\Cache), false)
 9 FCPATH\index.php(67): CodeIgniter\CodeIgniter->run()
10 SYSTEMPATH\Commands\Server\rewrite.php(46): require_once('FCPATH\\index.php')
CRITICAL - 2022-11-23 23:56:10 --> Undefined variable $Publishing_alias_name
in APPPATH\Views\Publishing\Publishing_detail.php on line 32.
 1 APPPATH\Views\Publishing\Publishing_detail.php(32): CodeIgniter\Debug\Exceptions->errorHandler(2, 'Undefined variable $Publishing_alias_name', 'APPPATH\\Views\\Publishing\\Publishing_detail.php', 32)
 2 SYSTEMPATH\View\View.php(213): include('APPPATH\\Views\\Publishing\\Publishing_detail.php')
 3 SYSTEMPATH\View\View.php(216): CodeIgniter\View\View->CodeIgniter\View\{closure}()
 4 SYSTEMPATH\Common.php(1134): CodeIgniter\View\View->render('Publishing/Publishing_detail', [], true)
 5 APPPATH\Controllers\Publishing.php(119): view('Publishing/Publishing_detail', [...])
 6 SYSTEMPATH\CodeIgniter.php(927): App\Controllers\Publishing->Detail_data_publishing('KCP-PLS-3')
 7 SYSTEMPATH\CodeIgniter.php(482): CodeIgniter\CodeIgniter->runController(Object(App\Controllers\Publishing))
 8 SYSTEMPATH\CodeIgniter.php(351): CodeIgniter\CodeIgniter->handleRequest(null, Object(Config\Cache), false)
 9 FCPATH\index.php(67): CodeIgniter\CodeIgniter->run()
10 SYSTEMPATH\Commands\Server\rewrite.php(46): require_once('FCPATH\\index.php')
